<?xml version="1.0" encoding="UTF-8"?>
<testng-results ignored="0" total="117" passed="106" failed="11" skipped="0">
  <reporter-output>
  </reporter-output>
  <suite started-at="2023-08-23T15:10:19 EDT" name="RunFirst" finished-at="2023-08-23T15:12:35 EDT" duration-ms="136578">
    <groups>
      <group name="cucumber">
        <method signature="AbstractTestNGCucumberTests.runScenario(io.cucumber.testng.PickleWrapper,io.cucumber.testng.FeatureWrapper)[pri:0, instance:com.dsalgoproject.testrunner.RunnerFile@192d74fb]" name="runScenario" class="io.cucumber.testng.AbstractTestNGCucumberTests"/>
      </group> <!-- cucumber -->
    </groups>
    <test started-at="2023-08-23T15:10:19 EDT" name="RunFirst" finished-at="2023-08-23T15:12:35 EDT" duration-ms="136578">
      <class name="com.dsalgoproject.testrunner.RunnerFile">
        <test-method is-config="true" signature="setUpClass(org.testng.ITestContext)[pri:0, instance:com.dsalgoproject.testrunner.RunnerFile@192d74fb]" started-at="2023-08-23T15:10:19 EDT" name="setUpClass" finished-at="2023-08-23T15:10:20 EDT" duration-ms="884" status="PASS">
          <params>
            <param index="0">
              <value>
                <![CDATA[org.testng.TestRunner@5fddd0fc]]>
              </value>
            </param>
          </params>
          <reporter-output>
          </reporter-output>
        </test-method> <!-- setUpClass -->
        <test-method signature="runScenario(io.cucumber.testng.PickleWrapper,io.cucumber.testng.FeatureWrapper)[pri:0, instance:com.dsalgoproject.testrunner.RunnerFile@192d74fb]" started-at="2023-08-23T15:10:20 EDT" name="runScenario" description="Runs Cucumber Scenarios" data-provider="scenarios" finished-at="2023-08-23T15:10:23 EDT" duration-ms="2967" status="PASS">
          <params>
            <param index="0">
              <value>
                <![CDATA["User launch home page of an DSALgo Project"]]>
              </value>
            </param>
            <param index="1">
              <value>
                <![CDATA["Optional[To Test the HomePage]"]]>
              </value>
            </param>
          </params>
          <reporter-output>
          </reporter-output>
        </test-method> <!-- runScenario -->
        <test-method signature="runScenario(io.cucumber.testng.PickleWrapper,io.cucumber.testng.FeatureWrapper)[pri:0, instance:com.dsalgoproject.testrunner.RunnerFile@192d74fb]" started-at="2023-08-23T15:10:23 EDT" name="runScenario" description="Runs Cucumber Scenarios" data-provider="scenarios" finished-at="2023-08-23T15:10:24 EDT" duration-ms="1425" status="PASS">
          <params>
            <param index="0">
              <value>
                <![CDATA["User is clicking Data Structures"]]>
              </value>
            </param>
            <param index="1">
              <value>
                <![CDATA["Optional[To Test the HomePage]"]]>
              </value>
            </param>
          </params>
          <reporter-output>
          </reporter-output>
        </test-method> <!-- runScenario -->
        <test-method signature="runScenario(io.cucumber.testng.PickleWrapper,io.cucumber.testng.FeatureWrapper)[pri:0, instance:com.dsalgoproject.testrunner.RunnerFile@192d74fb]" started-at="2023-08-23T15:10:24 EDT" name="runScenario" description="Runs Cucumber Scenarios" data-provider="scenarios" finished-at="2023-08-23T15:10:26 EDT" duration-ms="1402" status="PASS">
          <params>
            <param index="0">
              <value>
                <![CDATA["User is clicking Data Structures"]]>
              </value>
            </param>
            <param index="1">
              <value>
                <![CDATA["Optional[To Test the HomePage]"]]>
              </value>
            </param>
          </params>
          <reporter-output>
          </reporter-output>
        </test-method> <!-- runScenario -->
        <test-method signature="runScenario(io.cucumber.testng.PickleWrapper,io.cucumber.testng.FeatureWrapper)[pri:0, instance:com.dsalgoproject.testrunner.RunnerFile@192d74fb]" started-at="2023-08-23T15:10:26 EDT" name="runScenario" description="Runs Cucumber Scenarios" data-provider="scenarios" finished-at="2023-08-23T15:10:27 EDT" duration-ms="1418" status="PASS">
          <params>
            <param index="0">
              <value>
                <![CDATA["User is clicking Data Structures"]]>
              </value>
            </param>
            <param index="1">
              <value>
                <![CDATA["Optional[To Test the HomePage]"]]>
              </value>
            </param>
          </params>
          <reporter-output>
          </reporter-output>
        </test-method> <!-- runScenario -->
        <test-method signature="runScenario(io.cucumber.testng.PickleWrapper,io.cucumber.testng.FeatureWrapper)[pri:0, instance:com.dsalgoproject.testrunner.RunnerFile@192d74fb]" started-at="2023-08-23T15:10:27 EDT" name="runScenario" description="Runs Cucumber Scenarios" data-provider="scenarios" finished-at="2023-08-23T15:10:28 EDT" duration-ms="1414" status="PASS">
          <params>
            <param index="0">
              <value>
                <![CDATA["User is clicking Data Structures"]]>
              </value>
            </param>
            <param index="1">
              <value>
                <![CDATA["Optional[To Test the HomePage]"]]>
              </value>
            </param>
          </params>
          <reporter-output>
          </reporter-output>
        </test-method> <!-- runScenario -->
        <test-method signature="runScenario(io.cucumber.testng.PickleWrapper,io.cucumber.testng.FeatureWrapper)[pri:0, instance:com.dsalgoproject.testrunner.RunnerFile@192d74fb]" started-at="2023-08-23T15:10:28 EDT" name="runScenario" description="Runs Cucumber Scenarios" data-provider="scenarios" finished-at="2023-08-23T15:10:30 EDT" duration-ms="1449" status="PASS">
          <params>
            <param index="0">
              <value>
                <![CDATA["User is clicking Data Structures"]]>
              </value>
            </param>
            <param index="1">
              <value>
                <![CDATA["Optional[To Test the HomePage]"]]>
              </value>
            </param>
          </params>
          <reporter-output>
          </reporter-output>
        </test-method> <!-- runScenario -->
        <test-method signature="runScenario(io.cucumber.testng.PickleWrapper,io.cucumber.testng.FeatureWrapper)[pri:0, instance:com.dsalgoproject.testrunner.RunnerFile@192d74fb]" started-at="2023-08-23T15:10:30 EDT" name="runScenario" description="Runs Cucumber Scenarios" data-provider="scenarios" finished-at="2023-08-23T15:10:31 EDT" duration-ms="1518" status="PASS">
          <params>
            <param index="0">
              <value>
                <![CDATA["User is clicking Data Structures"]]>
              </value>
            </param>
            <param index="1">
              <value>
                <![CDATA["Optional[To Test the HomePage]"]]>
              </value>
            </param>
          </params>
          <reporter-output>
          </reporter-output>
        </test-method> <!-- runScenario -->
        <test-method signature="runScenario(io.cucumber.testng.PickleWrapper,io.cucumber.testng.FeatureWrapper)[pri:0, instance:com.dsalgoproject.testrunner.RunnerFile@192d74fb]" started-at="2023-08-23T15:10:31 EDT" name="runScenario" description="Runs Cucumber Scenarios" data-provider="scenarios" finished-at="2023-08-23T15:10:32 EDT" duration-ms="439" status="PASS">
          <params>
            <param index="0">
              <value>
                <![CDATA["User is on HomePage and click getstarted link on homepage without logged in"]]>
              </value>
            </param>
            <param index="1">
              <value>
                <![CDATA["Optional[To Test the HomePage]"]]>
              </value>
            </param>
          </params>
          <reporter-output>
          </reporter-output>
        </test-method> <!-- runScenario -->
        <test-method signature="runScenario(io.cucumber.testng.PickleWrapper,io.cucumber.testng.FeatureWrapper)[pri:0, instance:com.dsalgoproject.testrunner.RunnerFile@192d74fb]" started-at="2023-08-23T15:10:32 EDT" name="runScenario" description="Runs Cucumber Scenarios" data-provider="scenarios" finished-at="2023-08-23T15:10:32 EDT" duration-ms="470" status="PASS">
          <params>
            <param index="0">
              <value>
                <![CDATA["User is on HomePage and click getstarted link on homepage without logged in"]]>
              </value>
            </param>
            <param index="1">
              <value>
                <![CDATA["Optional[To Test the HomePage]"]]>
              </value>
            </param>
          </params>
          <reporter-output>
          </reporter-output>
        </test-method> <!-- runScenario -->
        <test-method signature="runScenario(io.cucumber.testng.PickleWrapper,io.cucumber.testng.FeatureWrapper)[pri:0, instance:com.dsalgoproject.testrunner.RunnerFile@192d74fb]" started-at="2023-08-23T15:10:32 EDT" name="runScenario" description="Runs Cucumber Scenarios" data-provider="scenarios" finished-at="2023-08-23T15:10:33 EDT" duration-ms="428" status="PASS">
          <params>
            <param index="0">
              <value>
                <![CDATA["User is on HomePage and click getstarted link on homepage without logged in"]]>
              </value>
            </param>
            <param index="1">
              <value>
                <![CDATA["Optional[To Test the HomePage]"]]>
              </value>
            </param>
          </params>
          <reporter-output>
          </reporter-output>
        </test-method> <!-- runScenario -->
        <test-method signature="runScenario(io.cucumber.testng.PickleWrapper,io.cucumber.testng.FeatureWrapper)[pri:0, instance:com.dsalgoproject.testrunner.RunnerFile@192d74fb]" started-at="2023-08-23T15:10:33 EDT" name="runScenario" description="Runs Cucumber Scenarios" data-provider="scenarios" finished-at="2023-08-23T15:10:33 EDT" duration-ms="396" status="PASS">
          <params>
            <param index="0">
              <value>
                <![CDATA["User is on HomePage and click getstarted link on homepage without logged in"]]>
              </value>
            </param>
            <param index="1">
              <value>
                <![CDATA["Optional[To Test the HomePage]"]]>
              </value>
            </param>
          </params>
          <reporter-output>
          </reporter-output>
        </test-method> <!-- runScenario -->
        <test-method signature="runScenario(io.cucumber.testng.PickleWrapper,io.cucumber.testng.FeatureWrapper)[pri:0, instance:com.dsalgoproject.testrunner.RunnerFile@192d74fb]" started-at="2023-08-23T15:10:33 EDT" name="runScenario" description="Runs Cucumber Scenarios" data-provider="scenarios" finished-at="2023-08-23T15:10:34 EDT" duration-ms="413" status="PASS">
          <params>
            <param index="0">
              <value>
                <![CDATA["User is on HomePage and click getstarted link on homepage without logged in"]]>
              </value>
            </param>
            <param index="1">
              <value>
                <![CDATA["Optional[To Test the HomePage]"]]>
              </value>
            </param>
          </params>
          <reporter-output>
          </reporter-output>
        </test-method> <!-- runScenario -->
        <test-method signature="runScenario(io.cucumber.testng.PickleWrapper,io.cucumber.testng.FeatureWrapper)[pri:0, instance:com.dsalgoproject.testrunner.RunnerFile@192d74fb]" started-at="2023-08-23T15:10:34 EDT" name="runScenario" description="Runs Cucumber Scenarios" data-provider="scenarios" finished-at="2023-08-23T15:10:34 EDT" duration-ms="431" status="PASS">
          <params>
            <param index="0">
              <value>
                <![CDATA["User is on HomePage and click getstarted link on homepage without logged in"]]>
              </value>
            </param>
            <param index="1">
              <value>
                <![CDATA["Optional[To Test the HomePage]"]]>
              </value>
            </param>
          </params>
          <reporter-output>
          </reporter-output>
        </test-method> <!-- runScenario -->
        <test-method signature="runScenario(io.cucumber.testng.PickleWrapper,io.cucumber.testng.FeatureWrapper)[pri:0, instance:com.dsalgoproject.testrunner.RunnerFile@192d74fb]" started-at="2023-08-23T15:10:34 EDT" name="runScenario" description="Runs Cucumber Scenarios" data-provider="scenarios" finished-at="2023-08-23T15:10:34 EDT" duration-ms="330" status="PASS">
          <params>
            <param index="0">
              <value>
                <![CDATA["User is on HomePage and click getstarted link on homepage without logged in"]]>
              </value>
            </param>
            <param index="1">
              <value>
                <![CDATA["Optional[To Test the HomePage]"]]>
              </value>
            </param>
          </params>
          <reporter-output>
          </reporter-output>
        </test-method> <!-- runScenario -->
        <test-method signature="runScenario(io.cucumber.testng.PickleWrapper,io.cucumber.testng.FeatureWrapper)[pri:0, instance:com.dsalgoproject.testrunner.RunnerFile@192d74fb]" started-at="2023-08-23T15:10:34 EDT" name="runScenario" description="Runs Cucumber Scenarios" data-provider="scenarios" finished-at="2023-08-23T15:10:35 EDT" duration-ms="256" status="PASS">
          <params>
            <param index="0">
              <value>
                <![CDATA["User is on Home page and click on sign in"]]>
              </value>
            </param>
            <param index="1">
              <value>
                <![CDATA["Optional[To Test the HomePage]"]]>
              </value>
            </param>
          </params>
          <reporter-output>
          </reporter-output>
        </test-method> <!-- runScenario -->
        <test-method signature="runScenario(io.cucumber.testng.PickleWrapper,io.cucumber.testng.FeatureWrapper)[pri:0, instance:com.dsalgoproject.testrunner.RunnerFile@192d74fb]" started-at="2023-08-23T15:10:35 EDT" name="runScenario" description="Runs Cucumber Scenarios" data-provider="scenarios" finished-at="2023-08-23T15:10:35 EDT" duration-ms="254" status="PASS">
          <params>
            <param index="0">
              <value>
                <![CDATA["User is on Home page and click register"]]>
              </value>
            </param>
            <param index="1">
              <value>
                <![CDATA["Optional[To Test the HomePage]"]]>
              </value>
            </param>
          </params>
          <reporter-output>
          </reporter-output>
        </test-method> <!-- runScenario -->
        <test-method signature="runScenario(io.cucumber.testng.PickleWrapper,io.cucumber.testng.FeatureWrapper)[pri:0, instance:com.dsalgoproject.testrunner.RunnerFile@192d74fb]" started-at="2023-08-23T15:10:35 EDT" name="runScenario" description="Runs Cucumber Scenarios" data-provider="scenarios" finished-at="2023-08-23T15:10:35 EDT" duration-ms="317" status="PASS">
          <params>
            <param index="0">
              <value>
                <![CDATA["The user is presented with error message for empty fields below username textbox"]]>
              </value>
            </param>
            <param index="1">
              <value>
                <![CDATA["Optional[Feature file to test register]"]]>
              </value>
            </param>
          </params>
          <reporter-output>
          </reporter-output>
        </test-method> <!-- runScenario -->
        <test-method signature="runScenario(io.cucumber.testng.PickleWrapper,io.cucumber.testng.FeatureWrapper)[pri:0, instance:com.dsalgoproject.testrunner.RunnerFile@192d74fb]" started-at="2023-08-23T15:10:35 EDT" name="runScenario" description="Runs Cucumber Scenarios" data-provider="scenarios" finished-at="2023-08-23T15:10:36 EDT" duration-ms="380" status="PASS">
          <params>
            <param index="0">
              <value>
                <![CDATA["The user is presented with error message for empty fields below Password textbox"]]>
              </value>
            </param>
            <param index="1">
              <value>
                <![CDATA["Optional[Feature file to test register]"]]>
              </value>
            </param>
          </params>
          <reporter-output>
          </reporter-output>
        </test-method> <!-- runScenario -->
        <test-method signature="runScenario(io.cucumber.testng.PickleWrapper,io.cucumber.testng.FeatureWrapper)[pri:0, instance:com.dsalgoproject.testrunner.RunnerFile@192d74fb]" started-at="2023-08-23T15:10:36 EDT" name="runScenario" description="Runs Cucumber Scenarios" data-provider="scenarios" finished-at="2023-08-23T15:10:36 EDT" duration-ms="430" status="PASS">
          <params>
            <param index="0">
              <value>
                <![CDATA["The user is presented with error message for empty fields below Password1 textbox"]]>
              </value>
            </param>
            <param index="1">
              <value>
                <![CDATA["Optional[Feature file to test register]"]]>
              </value>
            </param>
          </params>
          <reporter-output>
          </reporter-output>
        </test-method> <!-- runScenario -->
        <test-method signature="runScenario(io.cucumber.testng.PickleWrapper,io.cucumber.testng.FeatureWrapper)[pri:0, instance:com.dsalgoproject.testrunner.RunnerFile@192d74fb]" started-at="2023-08-23T15:10:36 EDT" name="runScenario" description="Runs Cucumber Scenarios" data-provider="scenarios" finished-at="2023-08-23T15:10:37 EDT" duration-ms="893" status="FAIL">
          <params>
            <param index="0">
              <value>
                <![CDATA["The user is presented with an error message"]]>
              </value>
            </param>
            <param index="1">
              <value>
                <![CDATA["Optional[Feature file to test register]"]]>
              </value>
            </param>
          </params>
          <exception class="java.lang.AssertionError">
            <message>
              <![CDATA[expected [Please enter valid username] but found [password_mismatch:The two password fields didn’t match.]]]>
            </message>
            <full-stacktrace>
              <![CDATA[java.lang.AssertionError: expected [Please enter valid username] but found [password_mismatch:The two password fields didn’t match.]
at org.testng.Assert.fail(Assert.java:110)
at org.testng.Assert.failNotEquals(Assert.java:1577)
at org.testng.Assert.assertEqualsImpl(Assert.java:149)
at org.testng.Assert.assertEquals(Assert.java:131)
at org.testng.Assert.assertEquals(Assert.java:655)
at org.testng.Assert.assertEquals(Assert.java:665)
at com.dsalgoproject.stepdefinitions.RegisterPage_StepDefinitions.the_user_should_see_the_error_message_indicating(RegisterPage_StepDefinitions.java:82)
at ✽.the user should see the error message indicating "Please enter valid username"(file:///C:/Users/ashok/git/DS-ALGOPROJECT_MAIN/DS_ALGO_PROJECT/src/test/resources/feature/01_RegisterPageFeature.feature:41)
]]>
            </full-stacktrace>
          </exception> <!-- java.lang.AssertionError -->
          <reporter-output>
          </reporter-output>
        </test-method> <!-- runScenario -->
        <test-method signature="runScenario(io.cucumber.testng.PickleWrapper,io.cucumber.testng.FeatureWrapper)[pri:0, instance:com.dsalgoproject.testrunner.RunnerFile@192d74fb]" started-at="2023-08-23T15:10:37 EDT" name="runScenario" description="Runs Cucumber Scenarios" data-provider="scenarios" finished-at="2023-08-23T15:10:38 EDT" duration-ms="927" status="FAIL">
          <params>
            <param index="0">
              <value>
                <![CDATA["The user is presented with an error message"]]>
              </value>
            </param>
            <param index="1">
              <value>
                <![CDATA["Optional[Feature file to test register]"]]>
              </value>
            </param>
          </params>
          <exception class="java.lang.AssertionError">
            <message>
              <![CDATA[expected [Username already exists] but found [password_mismatch:The two password fields didn’t match.]]]>
            </message>
            <full-stacktrace>
              <![CDATA[java.lang.AssertionError: expected [Username already exists] but found [password_mismatch:The two password fields didn’t match.]
at org.testng.Assert.fail(Assert.java:110)
at org.testng.Assert.failNotEquals(Assert.java:1577)
at org.testng.Assert.assertEqualsImpl(Assert.java:149)
at org.testng.Assert.assertEquals(Assert.java:131)
at org.testng.Assert.assertEquals(Assert.java:655)
at org.testng.Assert.assertEquals(Assert.java:665)
at com.dsalgoproject.stepdefinitions.RegisterPage_StepDefinitions.the_user_should_see_the_error_message_indicating(RegisterPage_StepDefinitions.java:82)
at ✽.the user should see the error message indicating "Username already exists"(file:///C:/Users/ashok/git/DS-ALGOPROJECT_MAIN/DS_ALGO_PROJECT/src/test/resources/feature/01_RegisterPageFeature.feature:41)
]]>
            </full-stacktrace>
          </exception> <!-- java.lang.AssertionError -->
          <reporter-output>
          </reporter-output>
        </test-method> <!-- runScenario -->
        <test-method signature="runScenario(io.cucumber.testng.PickleWrapper,io.cucumber.testng.FeatureWrapper)[pri:0, instance:com.dsalgoproject.testrunner.RunnerFile@192d74fb]" started-at="2023-08-23T15:10:38 EDT" name="runScenario" description="Runs Cucumber Scenarios" data-provider="scenarios" finished-at="2023-08-23T15:10:38 EDT" duration-ms="585" status="PASS">
          <params>
            <param index="0">
              <value>
                <![CDATA["The user is presented with an error message"]]>
              </value>
            </param>
            <param index="1">
              <value>
                <![CDATA["Optional[Feature file to test register]"]]>
              </value>
            </param>
          </params>
          <reporter-output>
          </reporter-output>
        </test-method> <!-- runScenario -->
        <test-method signature="runScenario(io.cucumber.testng.PickleWrapper,io.cucumber.testng.FeatureWrapper)[pri:0, instance:com.dsalgoproject.testrunner.RunnerFile@192d74fb]" started-at="2023-08-23T15:10:38 EDT" name="runScenario" description="Runs Cucumber Scenarios" data-provider="scenarios" finished-at="2023-08-23T15:10:39 EDT" duration-ms="777" status="FAIL">
          <params>
            <param index="0">
              <value>
                <![CDATA["The user is presented with an error message"]]>
              </value>
            </param>
            <param index="1">
              <value>
                <![CDATA["Optional[Feature file to test register]"]]>
              </value>
            </param>
          </params>
          <exception class="java.lang.AssertionError">
            <message>
              <![CDATA[expected [Password should contain at least 8 characters] but found [password_mismatch:The two password fields didn’t match.]]]>
            </message>
            <full-stacktrace>
              <![CDATA[java.lang.AssertionError: expected [Password should contain at least 8 characters] but found [password_mismatch:The two password fields didn’t match.]
at org.testng.Assert.fail(Assert.java:110)
at org.testng.Assert.failNotEquals(Assert.java:1577)
at org.testng.Assert.assertEqualsImpl(Assert.java:149)
at org.testng.Assert.assertEquals(Assert.java:131)
at org.testng.Assert.assertEquals(Assert.java:655)
at org.testng.Assert.assertEquals(Assert.java:665)
at com.dsalgoproject.stepdefinitions.RegisterPage_StepDefinitions.the_user_should_see_the_error_message_indicating(RegisterPage_StepDefinitions.java:82)
at ✽.the user should see the error message indicating "Password should contain at least 8 characters"(file:///C:/Users/ashok/git/DS-ALGOPROJECT_MAIN/DS_ALGO_PROJECT/src/test/resources/feature/01_RegisterPageFeature.feature:41)
]]>
            </full-stacktrace>
          </exception> <!-- java.lang.AssertionError -->
          <reporter-output>
          </reporter-output>
        </test-method> <!-- runScenario -->
        <test-method signature="runScenario(io.cucumber.testng.PickleWrapper,io.cucumber.testng.FeatureWrapper)[pri:0, instance:com.dsalgoproject.testrunner.RunnerFile@192d74fb]" started-at="2023-08-23T15:10:39 EDT" name="runScenario" description="Runs Cucumber Scenarios" data-provider="scenarios" finished-at="2023-08-23T15:10:40 EDT" duration-ms="745" status="FAIL">
          <params>
            <param index="0">
              <value>
                <![CDATA["The user is presented with an error message"]]>
              </value>
            </param>
            <param index="1">
              <value>
                <![CDATA["Optional[Feature file to test register]"]]>
              </value>
            </param>
          </params>
          <exception class="java.lang.AssertionError">
            <message>
              <![CDATA[expected [Password cannot be entirely numeric] but found [password_mismatch:The two password fields didn’t match.]]]>
            </message>
            <full-stacktrace>
              <![CDATA[java.lang.AssertionError: expected [Password cannot be entirely numeric] but found [password_mismatch:The two password fields didn’t match.]
at org.testng.Assert.fail(Assert.java:110)
at org.testng.Assert.failNotEquals(Assert.java:1577)
at org.testng.Assert.assertEqualsImpl(Assert.java:149)
at org.testng.Assert.assertEquals(Assert.java:131)
at org.testng.Assert.assertEquals(Assert.java:655)
at org.testng.Assert.assertEquals(Assert.java:665)
at com.dsalgoproject.stepdefinitions.RegisterPage_StepDefinitions.the_user_should_see_the_error_message_indicating(RegisterPage_StepDefinitions.java:82)
at ✽.the user should see the error message indicating "Password cannot be entirely numeric"(file:///C:/Users/ashok/git/DS-ALGOPROJECT_MAIN/DS_ALGO_PROJECT/src/test/resources/feature/01_RegisterPageFeature.feature:41)
]]>
            </full-stacktrace>
          </exception> <!-- java.lang.AssertionError -->
          <reporter-output>
          </reporter-output>
        </test-method> <!-- runScenario -->
        <test-method signature="runScenario(io.cucumber.testng.PickleWrapper,io.cucumber.testng.FeatureWrapper)[pri:0, instance:com.dsalgoproject.testrunner.RunnerFile@192d74fb]" started-at="2023-08-23T15:10:40 EDT" name="runScenario" description="Runs Cucumber Scenarios" data-provider="scenarios" finished-at="2023-08-23T15:10:41 EDT" duration-ms="659" status="FAIL">
          <params>
            <param index="0">
              <value>
                <![CDATA["The user is presented with an error message"]]>
              </value>
            </param>
            <param index="1">
              <value>
                <![CDATA["Optional[Feature file to test register]"]]>
              </value>
            </param>
          </params>
          <exception class="java.lang.AssertionError">
            <message>
              <![CDATA[expected [Password cannot be too similar to your other personal information] but found [password_mismatch:The two password fields didn’t match.]]]>
            </message>
            <full-stacktrace>
              <![CDATA[java.lang.AssertionError: expected [Password cannot be too similar to your other personal information] but found [password_mismatch:The two password fields didn’t match.]
at org.testng.Assert.fail(Assert.java:110)
at org.testng.Assert.failNotEquals(Assert.java:1577)
at org.testng.Assert.assertEqualsImpl(Assert.java:149)
at org.testng.Assert.assertEquals(Assert.java:131)
at org.testng.Assert.assertEquals(Assert.java:655)
at org.testng.Assert.assertEquals(Assert.java:665)
at com.dsalgoproject.stepdefinitions.RegisterPage_StepDefinitions.the_user_should_see_the_error_message_indicating(RegisterPage_StepDefinitions.java:82)
at ✽.the user should see the error message indicating "Password cannot be too similar to your other personal information"(file:///C:/Users/ashok/git/DS-ALGOPROJECT_MAIN/DS_ALGO_PROJECT/src/test/resources/feature/01_RegisterPageFeature.feature:41)
]]>
            </full-stacktrace>
          </exception> <!-- java.lang.AssertionError -->
          <reporter-output>
          </reporter-output>
        </test-method> <!-- runScenario -->
        <test-method signature="runScenario(io.cucumber.testng.PickleWrapper,io.cucumber.testng.FeatureWrapper)[pri:0, instance:com.dsalgoproject.testrunner.RunnerFile@192d74fb]" started-at="2023-08-23T15:10:41 EDT" name="runScenario" description="Runs Cucumber Scenarios" data-provider="scenarios" finished-at="2023-08-23T15:10:41 EDT" duration-ms="665" status="FAIL">
          <params>
            <param index="0">
              <value>
                <![CDATA["The user is presented with an error message"]]>
              </value>
            </param>
            <param index="1">
              <value>
                <![CDATA["Optional[Feature file to test register]"]]>
              </value>
            </param>
          </params>
          <exception class="java.lang.AssertionError">
            <message>
              <![CDATA[expected [Password cannot be commonly used password] but found [password_mismatch:The two password fields didn’t match.]]]>
            </message>
            <full-stacktrace>
              <![CDATA[java.lang.AssertionError: expected [Password cannot be commonly used password] but found [password_mismatch:The two password fields didn’t match.]
at org.testng.Assert.fail(Assert.java:110)
at org.testng.Assert.failNotEquals(Assert.java:1577)
at org.testng.Assert.assertEqualsImpl(Assert.java:149)
at org.testng.Assert.assertEquals(Assert.java:131)
at org.testng.Assert.assertEquals(Assert.java:655)
at org.testng.Assert.assertEquals(Assert.java:665)
at com.dsalgoproject.stepdefinitions.RegisterPage_StepDefinitions.the_user_should_see_the_error_message_indicating(RegisterPage_StepDefinitions.java:82)
at ✽.the user should see the error message indicating "Password cannot be commonly used password"(file:///C:/Users/ashok/git/DS-ALGOPROJECT_MAIN/DS_ALGO_PROJECT/src/test/resources/feature/01_RegisterPageFeature.feature:41)
]]>
            </full-stacktrace>
          </exception> <!-- java.lang.AssertionError -->
          <reporter-output>
          </reporter-output>
        </test-method> <!-- runScenario -->
        <test-method signature="runScenario(io.cucumber.testng.PickleWrapper,io.cucumber.testng.FeatureWrapper)[pri:0, instance:com.dsalgoproject.testrunner.RunnerFile@192d74fb]" started-at="2023-08-23T15:10:41 EDT" name="runScenario" description="Runs Cucumber Scenarios" data-provider="scenarios" finished-at="2023-08-23T15:10:42 EDT" duration-ms="721" status="FAIL">
          <params>
            <param index="0">
              <value>
                <![CDATA["The user is presented with success message when the user giving correct username and password"]]>
              </value>
            </param>
            <param index="1">
              <value>
                <![CDATA["Optional[Feature file to test register]"]]>
              </value>
            </param>
          </params>
          <exception class="java.lang.AssertionError">
            <message>
              <![CDATA[expected [New Account Created. You are logged in as coolcucumberteam] but found [password_mismatch:The two password fields didn’t match.]]]>
            </message>
            <full-stacktrace>
              <![CDATA[java.lang.AssertionError: expected [New Account Created. You are logged in as coolcucumberteam] but found [password_mismatch:The two password fields didn’t match.]
at org.testng.Assert.fail(Assert.java:110)
at org.testng.Assert.failNotEquals(Assert.java:1577)
at org.testng.Assert.assertEqualsImpl(Assert.java:149)
at org.testng.Assert.assertEquals(Assert.java:131)
at org.testng.Assert.assertEquals(Assert.java:655)
at org.testng.Assert.assertEquals(Assert.java:665)
at com.dsalgoproject.stepdefinitions.RegisterPage_StepDefinitions.it_should_display_the_success_message(RegisterPage_StepDefinitions.java:93)
at ✽.It should display the success message "New Account Created. You are logged in as coolcucumberteam"(file:///C:/Users/ashok/git/DS-ALGOPROJECT_MAIN/DS_ALGO_PROJECT/src/test/resources/feature/01_RegisterPageFeature.feature:58)
]]>
            </full-stacktrace>
          </exception> <!-- java.lang.AssertionError -->
          <reporter-output>
          </reporter-output>
        </test-method> <!-- runScenario -->
        <test-method signature="runScenario(io.cucumber.testng.PickleWrapper,io.cucumber.testng.FeatureWrapper)[pri:0, instance:com.dsalgoproject.testrunner.RunnerFile@192d74fb]" started-at="2023-08-23T15:10:42 EDT" name="runScenario" description="Runs Cucumber Scenarios" data-provider="scenarios" finished-at="2023-08-23T15:10:42 EDT" duration-ms="491" status="PASS">
          <params>
            <param index="0">
              <value>
                <![CDATA["The user clicks on register link on signin page"]]>
              </value>
            </param>
            <param index="1">
              <value>
                <![CDATA["Optional[Navigating to Login page of DS Algo]"]]>
              </value>
            </param>
          </params>
          <reporter-output>
          </reporter-output>
        </test-method> <!-- runScenario -->
        <test-method signature="runScenario(io.cucumber.testng.PickleWrapper,io.cucumber.testng.FeatureWrapper)[pri:0, instance:com.dsalgoproject.testrunner.RunnerFile@192d74fb]" started-at="2023-08-23T15:10:42 EDT" name="runScenario" description="Runs Cucumber Scenarios" data-provider="scenarios" finished-at="2023-08-23T15:10:45 EDT" duration-ms="2622" status="PASS">
          <params>
            <param index="0">
              <value>
                <![CDATA["The user is presented with error message for "Invalid Username and Password""]]>
              </value>
            </param>
            <param index="1">
              <value>
                <![CDATA["Optional[Navigating to Login page of DS Algo]"]]>
              </value>
            </param>
          </params>
          <reporter-output>
          </reporter-output>
        </test-method> <!-- runScenario -->
        <test-method signature="runScenario(io.cucumber.testng.PickleWrapper,io.cucumber.testng.FeatureWrapper)[pri:0, instance:com.dsalgoproject.testrunner.RunnerFile@192d74fb]" started-at="2023-08-23T15:10:45 EDT" name="runScenario" description="Runs Cucumber Scenarios" data-provider="scenarios" finished-at="2023-08-23T15:10:46 EDT" duration-ms="876" status="PASS">
          <params>
            <param index="0">
              <value>
                <![CDATA["User is Logged into DS-Algo page"]]>
              </value>
            </param>
            <param index="1">
              <value>
                <![CDATA["Optional[User is logged into DS-Algo page and checking the DataStructures module]"]]>
              </value>
            </param>
          </params>
          <reporter-output>
          </reporter-output>
        </test-method> <!-- runScenario -->
        <test-method signature="runScenario(io.cucumber.testng.PickleWrapper,io.cucumber.testng.FeatureWrapper)[pri:0, instance:com.dsalgoproject.testrunner.RunnerFile@192d74fb]" started-at="2023-08-23T15:10:46 EDT" name="runScenario" description="Runs Cucumber Scenarios" data-provider="scenarios" finished-at="2023-08-23T15:10:46 EDT" duration-ms="385" status="PASS">
          <params>
            <param index="0">
              <value>
                <![CDATA["User is able to navigate to Data Structures introduction page"]]>
              </value>
            </param>
            <param index="1">
              <value>
                <![CDATA["Optional[User is logged into DS-Algo page and checking the DataStructures module]"]]>
              </value>
            </param>
          </params>
          <reporter-output>
          </reporter-output>
        </test-method> <!-- runScenario -->
        <test-method signature="runScenario(io.cucumber.testng.PickleWrapper,io.cucumber.testng.FeatureWrapper)[pri:0, instance:com.dsalgoproject.testrunner.RunnerFile@192d74fb]" started-at="2023-08-23T15:10:46 EDT" name="runScenario" description="Runs Cucumber Scenarios" data-provider="scenarios" finished-at="2023-08-23T15:10:47 EDT" duration-ms="414" status="PASS">
          <params>
            <param index="0">
              <value>
                <![CDATA["User is able to navigate to Time Complexity page"]]>
              </value>
            </param>
            <param index="1">
              <value>
                <![CDATA["Optional[User is logged into DS-Algo page and checking the DataStructures module]"]]>
              </value>
            </param>
          </params>
          <reporter-output>
          </reporter-output>
        </test-method> <!-- runScenario -->
        <test-method signature="runScenario(io.cucumber.testng.PickleWrapper,io.cucumber.testng.FeatureWrapper)[pri:0, instance:com.dsalgoproject.testrunner.RunnerFile@192d74fb]" started-at="2023-08-23T15:10:47 EDT" name="runScenario" description="Runs Cucumber Scenarios" data-provider="scenarios" finished-at="2023-08-23T15:10:47 EDT" duration-ms="521" status="PASS">
          <params>
            <param index="0">
              <value>
                <![CDATA["User is able to navigate to a page having a tryEditor from the Time Complexity page"]]>
              </value>
            </param>
            <param index="1">
              <value>
                <![CDATA["Optional[User is logged into DS-Algo page and checking the DataStructures module]"]]>
              </value>
            </param>
          </params>
          <reporter-output>
          </reporter-output>
        </test-method> <!-- runScenario -->
        <test-method signature="runScenario(io.cucumber.testng.PickleWrapper,io.cucumber.testng.FeatureWrapper)[pri:0, instance:com.dsalgoproject.testrunner.RunnerFile@192d74fb]" started-at="2023-08-23T15:10:47 EDT" name="runScenario" description="Runs Cucumber Scenarios" data-provider="scenarios" finished-at="2023-08-23T15:10:48 EDT" duration-ms="602" status="PASS">
          <params>
            <param index="0">
              <value>
                <![CDATA["User is able to run code in tryEditor"]]>
              </value>
            </param>
            <param index="1">
              <value>
                <![CDATA["Optional[User is logged into DS-Algo page and checking the DataStructures module]"]]>
              </value>
            </param>
          </params>
          <reporter-output>
          </reporter-output>
        </test-method> <!-- runScenario -->
        <test-method signature="runScenario(io.cucumber.testng.PickleWrapper,io.cucumber.testng.FeatureWrapper)[pri:0, instance:com.dsalgoproject.testrunner.RunnerFile@192d74fb]" started-at="2023-08-23T15:10:48 EDT" name="runScenario" description="Runs Cucumber Scenarios" data-provider="scenarios" finished-at="2023-08-23T15:10:49 EDT" duration-ms="670" status="PASS">
          <params>
            <param index="0">
              <value>
                <![CDATA["The User is able to run code with invalid syntax in tryEditor"]]>
              </value>
            </param>
            <param index="1">
              <value>
                <![CDATA["Optional[User is logged into DS-Algo page and checking the DataStructures module]"]]>
              </value>
            </param>
          </params>
          <reporter-output>
          </reporter-output>
        </test-method> <!-- runScenario -->
        <test-method signature="runScenario(io.cucumber.testng.PickleWrapper,io.cucumber.testng.FeatureWrapper)[pri:0, instance:com.dsalgoproject.testrunner.RunnerFile@192d74fb]" started-at="2023-08-23T15:10:49 EDT" name="runScenario" description="Runs Cucumber Scenarios" data-provider="scenarios" finished-at="2023-08-23T15:10:50 EDT" duration-ms="1487" status="PASS">
          <params>
            <param index="0">
              <value>
                <![CDATA["The User is able to navigate to Array Data Structure Page"]]>
              </value>
            </param>
            <param index="1">
              <value>
                <![CDATA["Optional[To test the Array Page]"]]>
              </value>
            </param>
          </params>
          <reporter-output>
          </reporter-output>
        </test-method> <!-- runScenario -->
        <test-method signature="runScenario(io.cucumber.testng.PickleWrapper,io.cucumber.testng.FeatureWrapper)[pri:0, instance:com.dsalgoproject.testrunner.RunnerFile@192d74fb]" started-at="2023-08-23T15:10:50 EDT" name="runScenario" description="Runs Cucumber Scenarios" data-provider="scenarios" finished-at="2023-08-23T15:10:51 EDT" duration-ms="1275" status="PASS">
          <params>
            <param index="0">
              <value>
                <![CDATA["The user is able to navigate to Arrays Page and run code in tryEditor page"]]>
              </value>
            </param>
            <param index="1">
              <value>
                <![CDATA["Optional[To test the Array Page]"]]>
              </value>
            </param>
          </params>
          <reporter-output>
          </reporter-output>
        </test-method> <!-- runScenario -->
        <test-method signature="runScenario(io.cucumber.testng.PickleWrapper,io.cucumber.testng.FeatureWrapper)[pri:0, instance:com.dsalgoproject.testrunner.RunnerFile@192d74fb]" started-at="2023-08-23T15:10:51 EDT" name="runScenario" description="Runs Cucumber Scenarios" data-provider="scenarios" finished-at="2023-08-23T15:10:53 EDT" duration-ms="1216" status="PASS">
          <params>
            <param index="0">
              <value>
                <![CDATA["The user is able to navigate to Arrays Page and run code in tryEditor page"]]>
              </value>
            </param>
            <param index="1">
              <value>
                <![CDATA["Optional[To test the Array Page]"]]>
              </value>
            </param>
          </params>
          <reporter-output>
          </reporter-output>
        </test-method> <!-- runScenario -->
        <test-method signature="runScenario(io.cucumber.testng.PickleWrapper,io.cucumber.testng.FeatureWrapper)[pri:0, instance:com.dsalgoproject.testrunner.RunnerFile@192d74fb]" started-at="2023-08-23T15:10:53 EDT" name="runScenario" description="Runs Cucumber Scenarios" data-provider="scenarios" finished-at="2023-08-23T15:10:54 EDT" duration-ms="1286" status="PASS">
          <params>
            <param index="0">
              <value>
                <![CDATA["The user is able to navigate to Arrays Page and run code in tryEditor page"]]>
              </value>
            </param>
            <param index="1">
              <value>
                <![CDATA["Optional[To test the Array Page]"]]>
              </value>
            </param>
          </params>
          <reporter-output>
          </reporter-output>
        </test-method> <!-- runScenario -->
        <test-method signature="runScenario(io.cucumber.testng.PickleWrapper,io.cucumber.testng.FeatureWrapper)[pri:0, instance:com.dsalgoproject.testrunner.RunnerFile@192d74fb]" started-at="2023-08-23T15:10:54 EDT" name="runScenario" description="Runs Cucumber Scenarios" data-provider="scenarios" finished-at="2023-08-23T15:10:55 EDT" duration-ms="1311" status="PASS">
          <params>
            <param index="0">
              <value>
                <![CDATA["The user is able to navigate to Arrays Page and run code in tryEditor page"]]>
              </value>
            </param>
            <param index="1">
              <value>
                <![CDATA["Optional[To test the Array Page]"]]>
              </value>
            </param>
          </params>
          <reporter-output>
          </reporter-output>
        </test-method> <!-- runScenario -->
        <test-method signature="runScenario(io.cucumber.testng.PickleWrapper,io.cucumber.testng.FeatureWrapper)[pri:0, instance:com.dsalgoproject.testrunner.RunnerFile@192d74fb]" started-at="2023-08-23T15:10:55 EDT" name="runScenario" description="Runs Cucumber Scenarios" data-provider="scenarios" finished-at="2023-08-23T15:10:56 EDT" duration-ms="849" status="PASS">
          <params>
            <param index="0">
              <value>
                <![CDATA["The user is in Arrays Page and run code in tryEditor page"]]>
              </value>
            </param>
            <param index="1">
              <value>
                <![CDATA["Optional[To test the Array Page]"]]>
              </value>
            </param>
          </params>
          <reporter-output>
          </reporter-output>
        </test-method> <!-- runScenario -->
        <test-method signature="runScenario(io.cucumber.testng.PickleWrapper,io.cucumber.testng.FeatureWrapper)[pri:0, instance:com.dsalgoproject.testrunner.RunnerFile@192d74fb]" started-at="2023-08-23T15:10:56 EDT" name="runScenario" description="Runs Cucumber Scenarios" data-provider="scenarios" finished-at="2023-08-23T15:10:57 EDT" duration-ms="728" status="PASS">
          <params>
            <param index="0">
              <value>
                <![CDATA["The user is in Arrays Page and run code in tryEditor page"]]>
              </value>
            </param>
            <param index="1">
              <value>
                <![CDATA["Optional[To test the Array Page]"]]>
              </value>
            </param>
          </params>
          <reporter-output>
          </reporter-output>
        </test-method> <!-- runScenario -->
        <test-method signature="runScenario(io.cucumber.testng.PickleWrapper,io.cucumber.testng.FeatureWrapper)[pri:0, instance:com.dsalgoproject.testrunner.RunnerFile@192d74fb]" started-at="2023-08-23T15:10:57 EDT" name="runScenario" description="Runs Cucumber Scenarios" data-provider="scenarios" finished-at="2023-08-23T15:10:57 EDT" duration-ms="712" status="PASS">
          <params>
            <param index="0">
              <value>
                <![CDATA["The user is in Arrays Page and run code in tryEditor page"]]>
              </value>
            </param>
            <param index="1">
              <value>
                <![CDATA["Optional[To test the Array Page]"]]>
              </value>
            </param>
          </params>
          <reporter-output>
          </reporter-output>
        </test-method> <!-- runScenario -->
        <test-method signature="runScenario(io.cucumber.testng.PickleWrapper,io.cucumber.testng.FeatureWrapper)[pri:0, instance:com.dsalgoproject.testrunner.RunnerFile@192d74fb]" started-at="2023-08-23T15:10:57 EDT" name="runScenario" description="Runs Cucumber Scenarios" data-provider="scenarios" finished-at="2023-08-23T15:10:58 EDT" duration-ms="682" status="PASS">
          <params>
            <param index="0">
              <value>
                <![CDATA["The user is in Arrays Page and run code in tryEditor page"]]>
              </value>
            </param>
            <param index="1">
              <value>
                <![CDATA["Optional[To test the Array Page]"]]>
              </value>
            </param>
          </params>
          <reporter-output>
          </reporter-output>
        </test-method> <!-- runScenario -->
        <test-method signature="runScenario(io.cucumber.testng.PickleWrapper,io.cucumber.testng.FeatureWrapper)[pri:0, instance:com.dsalgoproject.testrunner.RunnerFile@192d74fb]" started-at="2023-08-23T15:10:58 EDT" name="runScenario" description="Runs Cucumber Scenarios" data-provider="scenarios" finished-at="2023-08-23T15:10:59 EDT" duration-ms="341" status="PASS">
          <params>
            <param index="0">
              <value>
                <![CDATA["The User navigates to practice page in Arrays"]]>
              </value>
            </param>
            <param index="1">
              <value>
                <![CDATA["Optional[To test the Array Page]"]]>
              </value>
            </param>
          </params>
          <reporter-output>
          </reporter-output>
        </test-method> <!-- runScenario -->
        <test-method signature="runScenario(io.cucumber.testng.PickleWrapper,io.cucumber.testng.FeatureWrapper)[pri:0, instance:com.dsalgoproject.testrunner.RunnerFile@192d74fb]" started-at="2023-08-23T15:10:59 EDT" name="runScenario" description="Runs Cucumber Scenarios" data-provider="scenarios" finished-at="2023-08-23T15:10:59 EDT" duration-ms="939" status="FAIL">
          <params>
            <param index="0">
              <value>
                <![CDATA["The user is in Array Practice Page and run code for each examples"]]>
              </value>
            </param>
            <param index="1">
              <value>
                <![CDATA["Optional[To test the Array Page]"]]>
              </value>
            </param>
          </params>
          <exception class="org.openqa.selenium.UnhandledAlertException">
            <message>
              <![CDATA[unexpected alert open: {Alert text : SyntaxError: bad input on line 3}
  (Session info: chrome=116.0.5845.111): SyntaxError: bad input on line 3
Build info: version: '4.10.0', revision: 'c14d967899'
System info: os.name: 'Windows 11', os.arch: 'amd64', os.version: '10.0', java.version: '20.0.1'
Driver info: org.openqa.selenium.chrome.ChromeDriver
Command: [577061453a1d0c35002a388a965693e0, findElement {using=id, value=output}]
Capabilities {acceptInsecureCerts: false, browserName: chrome, browserVersion: 116.0.5845.111, chrome: {chromedriverVersion: 115.0.5790.170 (cc0d30c2ca5..., userDataDir: C:\Users\ashok\AppData\Loca...}, goog:chromeOptions: {debuggerAddress: localhost:52616}, networkConnectionEnabled: false, pageLoadStrategy: normal, platformName: windows, proxy: Proxy(), se:cdp: ws://localhost:52616/devtoo..., se:cdpVersion: 116.0.5845.111, setWindowRect: true, strictFileInteractability: false, timeouts: {implicit: 0, pageLoad: 300000, script: 30000}, unhandledPromptBehavior: dismiss and notify, webauthn:extension:credBlob: true, webauthn:extension:largeBlob: true, webauthn:extension:minPinLength: true, webauthn:extension:prf: true, webauthn:virtualAuthenticators: true}
Session ID: 577061453a1d0c35002a388a965693e0]]>
            </message>
            <full-stacktrace>
              <![CDATA[org.openqa.selenium.UnhandledAlertException: unexpected alert open: {Alert text : SyntaxError: bad input on line 3}
  (Session info: chrome=116.0.5845.111): SyntaxError: bad input on line 3
Build info: version: '4.10.0', revision: 'c14d967899'
System info: os.name: 'Windows 11', os.arch: 'amd64', os.version: '10.0', java.version: '20.0.1'
Driver info: org.openqa.selenium.chrome.ChromeDriver
Command: [577061453a1d0c35002a388a965693e0, findElement {using=id, value=output}]
Capabilities {acceptInsecureCerts: false, browserName: chrome, browserVersion: 116.0.5845.111, chrome: {chromedriverVersion: 115.0.5790.170 (cc0d30c2ca5..., userDataDir: C:\Users\ashok\AppData\Loca...}, goog:chromeOptions: {debuggerAddress: localhost:52616}, networkConnectionEnabled: false, pageLoadStrategy: normal, platformName: windows, proxy: Proxy(), se:cdp: ws://localhost:52616/devtoo..., se:cdpVersion: 116.0.5845.111, setWindowRect: true, strictFileInteractability: false, timeouts: {implicit: 0, pageLoad: 300000, script: 30000}, unhandledPromptBehavior: dismiss and notify, webauthn:extension:credBlob: true, webauthn:extension:largeBlob: true, webauthn:extension:minPinLength: true, webauthn:extension:prf: true, webauthn:virtualAuthenticators: true}
Session ID: 577061453a1d0c35002a388a965693e0
at org.openqa.selenium.remote.codec.w3c.W3CHttpResponseCodec.decode(W3CHttpResponseCodec.java:130)
at org.openqa.selenium.remote.codec.w3c.W3CHttpResponseCodec.decode(W3CHttpResponseCodec.java:51)
at org.openqa.selenium.remote.HttpCommandExecutor.execute(HttpCommandExecutor.java:191)
at org.openqa.selenium.remote.service.DriverCommandExecutor.invokeExecute(DriverCommandExecutor.java:196)
at org.openqa.selenium.remote.service.DriverCommandExecutor.execute(DriverCommandExecutor.java:171)
at org.openqa.selenium.remote.RemoteWebDriver.execute(RemoteWebDriver.java:531)
at org.openqa.selenium.remote.ElementLocation$ElementFinder$2.findElement(ElementLocation.java:165)
at org.openqa.selenium.remote.ElementLocation.findElement(ElementLocation.java:59)
at org.openqa.selenium.remote.RemoteWebDriver.findElement(RemoteWebDriver.java:350)
at org.openqa.selenium.remote.RemoteWebDriver.findElement(RemoteWebDriver.java:344)
at org.openqa.selenium.support.pagefactory.DefaultElementLocator.findElement(DefaultElementLocator.java:68)
at org.openqa.selenium.support.pagefactory.internal.LocatingElementHandler.invoke(LocatingElementHandler.java:38)
at jdk.proxy2/jdk.proxy2.$Proxy42.getText(Unknown Source)
at com.dsalgoproject.pageobjects.ArrayPage_PageObject.getMeesageinPractice(ArrayPage_PageObject.java:204)
at com.dsalgoproject.stepdefinitions.ArrayPage_StepDefinitions.the_user_should_be_presented_with_run_result_in_practice_page(ArrayPage_StepDefinitions.java:127)
at ✽.the user should be presented with Run result "hello World" in Practice Page(file:///C:/Users/ashok/git/DS-ALGOPROJECT_MAIN/DS_ALGO_PROJECT/src/test/resources/feature/04_ArrayPageFeature.feature:70)
]]>
            </full-stacktrace>
          </exception> <!-- org.openqa.selenium.UnhandledAlertException -->
          <reporter-output>
          </reporter-output>
        </test-method> <!-- runScenario -->
        <test-method signature="runScenario(io.cucumber.testng.PickleWrapper,io.cucumber.testng.FeatureWrapper)[pri:0, instance:com.dsalgoproject.testrunner.RunnerFile@192d74fb]" started-at="2023-08-23T15:10:59 EDT" name="runScenario" description="Runs Cucumber Scenarios" data-provider="scenarios" finished-at="2023-08-23T15:11:01 EDT" duration-ms="1144" status="FAIL">
          <params>
            <param index="0">
              <value>
                <![CDATA["The user is in Array Practice Page and run code for each examples"]]>
              </value>
            </param>
            <param index="1">
              <value>
                <![CDATA["Optional[To test the Array Page]"]]>
              </value>
            </param>
          </params>
          <exception class="org.openqa.selenium.UnhandledAlertException">
            <message>
              <![CDATA[unexpected alert open: {Alert text : SyntaxError: bad input on line 3}
  (Session info: chrome=116.0.5845.111): SyntaxError: bad input on line 3
Build info: version: '4.10.0', revision: 'c14d967899'
System info: os.name: 'Windows 11', os.arch: 'amd64', os.version: '10.0', java.version: '20.0.1'
Driver info: org.openqa.selenium.chrome.ChromeDriver
Command: [577061453a1d0c35002a388a965693e0, findElement {using=id, value=output}]
Capabilities {acceptInsecureCerts: false, browserName: chrome, browserVersion: 116.0.5845.111, chrome: {chromedriverVersion: 115.0.5790.170 (cc0d30c2ca5..., userDataDir: C:\Users\ashok\AppData\Loca...}, goog:chromeOptions: {debuggerAddress: localhost:52616}, networkConnectionEnabled: false, pageLoadStrategy: normal, platformName: windows, proxy: Proxy(), se:cdp: ws://localhost:52616/devtoo..., se:cdpVersion: 116.0.5845.111, setWindowRect: true, strictFileInteractability: false, timeouts: {implicit: 0, pageLoad: 300000, script: 30000}, unhandledPromptBehavior: dismiss and notify, webauthn:extension:credBlob: true, webauthn:extension:largeBlob: true, webauthn:extension:minPinLength: true, webauthn:extension:prf: true, webauthn:virtualAuthenticators: true}
Session ID: 577061453a1d0c35002a388a965693e0]]>
            </message>
            <full-stacktrace>
              <![CDATA[org.openqa.selenium.UnhandledAlertException: unexpected alert open: {Alert text : SyntaxError: bad input on line 3}
  (Session info: chrome=116.0.5845.111): SyntaxError: bad input on line 3
Build info: version: '4.10.0', revision: 'c14d967899'
System info: os.name: 'Windows 11', os.arch: 'amd64', os.version: '10.0', java.version: '20.0.1'
Driver info: org.openqa.selenium.chrome.ChromeDriver
Command: [577061453a1d0c35002a388a965693e0, findElement {using=id, value=output}]
Capabilities {acceptInsecureCerts: false, browserName: chrome, browserVersion: 116.0.5845.111, chrome: {chromedriverVersion: 115.0.5790.170 (cc0d30c2ca5..., userDataDir: C:\Users\ashok\AppData\Loca...}, goog:chromeOptions: {debuggerAddress: localhost:52616}, networkConnectionEnabled: false, pageLoadStrategy: normal, platformName: windows, proxy: Proxy(), se:cdp: ws://localhost:52616/devtoo..., se:cdpVersion: 116.0.5845.111, setWindowRect: true, strictFileInteractability: false, timeouts: {implicit: 0, pageLoad: 300000, script: 30000}, unhandledPromptBehavior: dismiss and notify, webauthn:extension:credBlob: true, webauthn:extension:largeBlob: true, webauthn:extension:minPinLength: true, webauthn:extension:prf: true, webauthn:virtualAuthenticators: true}
Session ID: 577061453a1d0c35002a388a965693e0
at org.openqa.selenium.remote.codec.w3c.W3CHttpResponseCodec.decode(W3CHttpResponseCodec.java:130)
at org.openqa.selenium.remote.codec.w3c.W3CHttpResponseCodec.decode(W3CHttpResponseCodec.java:51)
at org.openqa.selenium.remote.HttpCommandExecutor.execute(HttpCommandExecutor.java:191)
at org.openqa.selenium.remote.service.DriverCommandExecutor.invokeExecute(DriverCommandExecutor.java:196)
at org.openqa.selenium.remote.service.DriverCommandExecutor.execute(DriverCommandExecutor.java:171)
at org.openqa.selenium.remote.RemoteWebDriver.execute(RemoteWebDriver.java:531)
at org.openqa.selenium.remote.ElementLocation$ElementFinder$2.findElement(ElementLocation.java:165)
at org.openqa.selenium.remote.ElementLocation.findElement(ElementLocation.java:59)
at org.openqa.selenium.remote.RemoteWebDriver.findElement(RemoteWebDriver.java:350)
at org.openqa.selenium.remote.RemoteWebDriver.findElement(RemoteWebDriver.java:344)
at org.openqa.selenium.support.pagefactory.DefaultElementLocator.findElement(DefaultElementLocator.java:68)
at org.openqa.selenium.support.pagefactory.internal.LocatingElementHandler.invoke(LocatingElementHandler.java:38)
at jdk.proxy2/jdk.proxy2.$Proxy42.getText(Unknown Source)
at com.dsalgoproject.pageobjects.ArrayPage_PageObject.getMeesageinPractice(ArrayPage_PageObject.java:204)
at com.dsalgoproject.stepdefinitions.ArrayPage_StepDefinitions.the_user_should_be_presented_with_run_result_in_practice_page(ArrayPage_StepDefinitions.java:127)
at ✽.the user should be presented with Run result "hello World" in Practice Page(file:///C:/Users/ashok/git/DS-ALGOPROJECT_MAIN/DS_ALGO_PROJECT/src/test/resources/feature/04_ArrayPageFeature.feature:70)
]]>
            </full-stacktrace>
          </exception> <!-- org.openqa.selenium.UnhandledAlertException -->
          <reporter-output>
          </reporter-output>
        </test-method> <!-- runScenario -->
        <test-method signature="runScenario(io.cucumber.testng.PickleWrapper,io.cucumber.testng.FeatureWrapper)[pri:0, instance:com.dsalgoproject.testrunner.RunnerFile@192d74fb]" started-at="2023-08-23T15:11:01 EDT" name="runScenario" description="Runs Cucumber Scenarios" data-provider="scenarios" finished-at="2023-08-23T15:11:02 EDT" duration-ms="1277" status="FAIL">
          <params>
            <param index="0">
              <value>
                <![CDATA["The user is in Array Practice Page and run code for each examples"]]>
              </value>
            </param>
            <param index="1">
              <value>
                <![CDATA["Optional[To test the Array Page]"]]>
              </value>
            </param>
          </params>
          <exception class="org.openqa.selenium.UnhandledAlertException">
            <message>
              <![CDATA[unexpected alert open: {Alert text : SyntaxError: bad input on line 3}
  (Session info: chrome=116.0.5845.111): SyntaxError: bad input on line 3
Build info: version: '4.10.0', revision: 'c14d967899'
System info: os.name: 'Windows 11', os.arch: 'amd64', os.version: '10.0', java.version: '20.0.1'
Driver info: org.openqa.selenium.chrome.ChromeDriver
Command: [577061453a1d0c35002a388a965693e0, findElement {using=id, value=output}]
Capabilities {acceptInsecureCerts: false, browserName: chrome, browserVersion: 116.0.5845.111, chrome: {chromedriverVersion: 115.0.5790.170 (cc0d30c2ca5..., userDataDir: C:\Users\ashok\AppData\Loca...}, goog:chromeOptions: {debuggerAddress: localhost:52616}, networkConnectionEnabled: false, pageLoadStrategy: normal, platformName: windows, proxy: Proxy(), se:cdp: ws://localhost:52616/devtoo..., se:cdpVersion: 116.0.5845.111, setWindowRect: true, strictFileInteractability: false, timeouts: {implicit: 0, pageLoad: 300000, script: 30000}, unhandledPromptBehavior: dismiss and notify, webauthn:extension:credBlob: true, webauthn:extension:largeBlob: true, webauthn:extension:minPinLength: true, webauthn:extension:prf: true, webauthn:virtualAuthenticators: true}
Session ID: 577061453a1d0c35002a388a965693e0]]>
            </message>
            <full-stacktrace>
              <![CDATA[org.openqa.selenium.UnhandledAlertException: unexpected alert open: {Alert text : SyntaxError: bad input on line 3}
  (Session info: chrome=116.0.5845.111): SyntaxError: bad input on line 3
Build info: version: '4.10.0', revision: 'c14d967899'
System info: os.name: 'Windows 11', os.arch: 'amd64', os.version: '10.0', java.version: '20.0.1'
Driver info: org.openqa.selenium.chrome.ChromeDriver
Command: [577061453a1d0c35002a388a965693e0, findElement {using=id, value=output}]
Capabilities {acceptInsecureCerts: false, browserName: chrome, browserVersion: 116.0.5845.111, chrome: {chromedriverVersion: 115.0.5790.170 (cc0d30c2ca5..., userDataDir: C:\Users\ashok\AppData\Loca...}, goog:chromeOptions: {debuggerAddress: localhost:52616}, networkConnectionEnabled: false, pageLoadStrategy: normal, platformName: windows, proxy: Proxy(), se:cdp: ws://localhost:52616/devtoo..., se:cdpVersion: 116.0.5845.111, setWindowRect: true, strictFileInteractability: false, timeouts: {implicit: 0, pageLoad: 300000, script: 30000}, unhandledPromptBehavior: dismiss and notify, webauthn:extension:credBlob: true, webauthn:extension:largeBlob: true, webauthn:extension:minPinLength: true, webauthn:extension:prf: true, webauthn:virtualAuthenticators: true}
Session ID: 577061453a1d0c35002a388a965693e0
at org.openqa.selenium.remote.codec.w3c.W3CHttpResponseCodec.decode(W3CHttpResponseCodec.java:130)
at org.openqa.selenium.remote.codec.w3c.W3CHttpResponseCodec.decode(W3CHttpResponseCodec.java:51)
at org.openqa.selenium.remote.HttpCommandExecutor.execute(HttpCommandExecutor.java:191)
at org.openqa.selenium.remote.service.DriverCommandExecutor.invokeExecute(DriverCommandExecutor.java:196)
at org.openqa.selenium.remote.service.DriverCommandExecutor.execute(DriverCommandExecutor.java:171)
at org.openqa.selenium.remote.RemoteWebDriver.execute(RemoteWebDriver.java:531)
at org.openqa.selenium.remote.ElementLocation$ElementFinder$2.findElement(ElementLocation.java:165)
at org.openqa.selenium.remote.ElementLocation.findElement(ElementLocation.java:59)
at org.openqa.selenium.remote.RemoteWebDriver.findElement(RemoteWebDriver.java:350)
at org.openqa.selenium.remote.RemoteWebDriver.findElement(RemoteWebDriver.java:344)
at org.openqa.selenium.support.pagefactory.DefaultElementLocator.findElement(DefaultElementLocator.java:68)
at org.openqa.selenium.support.pagefactory.internal.LocatingElementHandler.invoke(LocatingElementHandler.java:38)
at jdk.proxy2/jdk.proxy2.$Proxy42.getText(Unknown Source)
at com.dsalgoproject.pageobjects.ArrayPage_PageObject.getMeesageinPractice(ArrayPage_PageObject.java:204)
at com.dsalgoproject.stepdefinitions.ArrayPage_StepDefinitions.the_user_should_be_presented_with_run_result_in_practice_page(ArrayPage_StepDefinitions.java:127)
at ✽.the user should be presented with Run result "hello World" in Practice Page(file:///C:/Users/ashok/git/DS-ALGOPROJECT_MAIN/DS_ALGO_PROJECT/src/test/resources/feature/04_ArrayPageFeature.feature:70)
]]>
            </full-stacktrace>
          </exception> <!-- org.openqa.selenium.UnhandledAlertException -->
          <reporter-output>
          </reporter-output>
        </test-method> <!-- runScenario -->
        <test-method signature="runScenario(io.cucumber.testng.PickleWrapper,io.cucumber.testng.FeatureWrapper)[pri:0, instance:com.dsalgoproject.testrunner.RunnerFile@192d74fb]" started-at="2023-08-23T15:11:02 EDT" name="runScenario" description="Runs Cucumber Scenarios" data-provider="scenarios" finished-at="2023-08-23T15:11:03 EDT" duration-ms="1091" status="FAIL">
          <params>
            <param index="0">
              <value>
                <![CDATA["The user is in Array Practice Page and run code for each examples"]]>
              </value>
            </param>
            <param index="1">
              <value>
                <![CDATA["Optional[To test the Array Page]"]]>
              </value>
            </param>
          </params>
          <exception class="org.openqa.selenium.UnhandledAlertException">
            <message>
              <![CDATA[unexpected alert open: {Alert text : SyntaxError: bad input on line 3}
  (Session info: chrome=116.0.5845.111): SyntaxError: bad input on line 3
Build info: version: '4.10.0', revision: 'c14d967899'
System info: os.name: 'Windows 11', os.arch: 'amd64', os.version: '10.0', java.version: '20.0.1'
Driver info: org.openqa.selenium.chrome.ChromeDriver
Command: [577061453a1d0c35002a388a965693e0, findElement {using=id, value=output}]
Capabilities {acceptInsecureCerts: false, browserName: chrome, browserVersion: 116.0.5845.111, chrome: {chromedriverVersion: 115.0.5790.170 (cc0d30c2ca5..., userDataDir: C:\Users\ashok\AppData\Loca...}, goog:chromeOptions: {debuggerAddress: localhost:52616}, networkConnectionEnabled: false, pageLoadStrategy: normal, platformName: windows, proxy: Proxy(), se:cdp: ws://localhost:52616/devtoo..., se:cdpVersion: 116.0.5845.111, setWindowRect: true, strictFileInteractability: false, timeouts: {implicit: 0, pageLoad: 300000, script: 30000}, unhandledPromptBehavior: dismiss and notify, webauthn:extension:credBlob: true, webauthn:extension:largeBlob: true, webauthn:extension:minPinLength: true, webauthn:extension:prf: true, webauthn:virtualAuthenticators: true}
Session ID: 577061453a1d0c35002a388a965693e0]]>
            </message>
            <full-stacktrace>
              <![CDATA[org.openqa.selenium.UnhandledAlertException: unexpected alert open: {Alert text : SyntaxError: bad input on line 3}
  (Session info: chrome=116.0.5845.111): SyntaxError: bad input on line 3
Build info: version: '4.10.0', revision: 'c14d967899'
System info: os.name: 'Windows 11', os.arch: 'amd64', os.version: '10.0', java.version: '20.0.1'
Driver info: org.openqa.selenium.chrome.ChromeDriver
Command: [577061453a1d0c35002a388a965693e0, findElement {using=id, value=output}]
Capabilities {acceptInsecureCerts: false, browserName: chrome, browserVersion: 116.0.5845.111, chrome: {chromedriverVersion: 115.0.5790.170 (cc0d30c2ca5..., userDataDir: C:\Users\ashok\AppData\Loca...}, goog:chromeOptions: {debuggerAddress: localhost:52616}, networkConnectionEnabled: false, pageLoadStrategy: normal, platformName: windows, proxy: Proxy(), se:cdp: ws://localhost:52616/devtoo..., se:cdpVersion: 116.0.5845.111, setWindowRect: true, strictFileInteractability: false, timeouts: {implicit: 0, pageLoad: 300000, script: 30000}, unhandledPromptBehavior: dismiss and notify, webauthn:extension:credBlob: true, webauthn:extension:largeBlob: true, webauthn:extension:minPinLength: true, webauthn:extension:prf: true, webauthn:virtualAuthenticators: true}
Session ID: 577061453a1d0c35002a388a965693e0
at org.openqa.selenium.remote.codec.w3c.W3CHttpResponseCodec.decode(W3CHttpResponseCodec.java:130)
at org.openqa.selenium.remote.codec.w3c.W3CHttpResponseCodec.decode(W3CHttpResponseCodec.java:51)
at org.openqa.selenium.remote.HttpCommandExecutor.execute(HttpCommandExecutor.java:191)
at org.openqa.selenium.remote.service.DriverCommandExecutor.invokeExecute(DriverCommandExecutor.java:196)
at org.openqa.selenium.remote.service.DriverCommandExecutor.execute(DriverCommandExecutor.java:171)
at org.openqa.selenium.remote.RemoteWebDriver.execute(RemoteWebDriver.java:531)
at org.openqa.selenium.remote.ElementLocation$ElementFinder$2.findElement(ElementLocation.java:165)
at org.openqa.selenium.remote.ElementLocation.findElement(ElementLocation.java:59)
at org.openqa.selenium.remote.RemoteWebDriver.findElement(RemoteWebDriver.java:350)
at org.openqa.selenium.remote.RemoteWebDriver.findElement(RemoteWebDriver.java:344)
at org.openqa.selenium.support.pagefactory.DefaultElementLocator.findElement(DefaultElementLocator.java:68)
at org.openqa.selenium.support.pagefactory.internal.LocatingElementHandler.invoke(LocatingElementHandler.java:38)
at jdk.proxy2/jdk.proxy2.$Proxy42.getText(Unknown Source)
at com.dsalgoproject.pageobjects.ArrayPage_PageObject.getMeesageinPractice(ArrayPage_PageObject.java:204)
at com.dsalgoproject.stepdefinitions.ArrayPage_StepDefinitions.the_user_should_be_presented_with_run_result_in_practice_page(ArrayPage_StepDefinitions.java:127)
at ✽.the user should be presented with Run result "hello World" in Practice Page(file:///C:/Users/ashok/git/DS-ALGOPROJECT_MAIN/DS_ALGO_PROJECT/src/test/resources/feature/04_ArrayPageFeature.feature:70)
]]>
            </full-stacktrace>
          </exception> <!-- org.openqa.selenium.UnhandledAlertException -->
          <reporter-output>
          </reporter-output>
        </test-method> <!-- runScenario -->
        <test-method signature="runScenario(io.cucumber.testng.PickleWrapper,io.cucumber.testng.FeatureWrapper)[pri:0, instance:com.dsalgoproject.testrunner.RunnerFile@192d74fb]" started-at="2023-08-23T15:11:03 EDT" name="runScenario" description="Runs Cucumber Scenarios" data-provider="scenarios" finished-at="2023-08-23T15:11:04 EDT" duration-ms="1241" status="PASS">
          <params>
            <param index="0">
              <value>
                <![CDATA["The user is in Array Practice Page and run invalid code for each examples"]]>
              </value>
            </param>
            <param index="1">
              <value>
                <![CDATA["Optional[To test the Array Page]"]]>
              </value>
            </param>
          </params>
          <reporter-output>
          </reporter-output>
        </test-method> <!-- runScenario -->
        <test-method signature="runScenario(io.cucumber.testng.PickleWrapper,io.cucumber.testng.FeatureWrapper)[pri:0, instance:com.dsalgoproject.testrunner.RunnerFile@192d74fb]" started-at="2023-08-23T15:11:04 EDT" name="runScenario" description="Runs Cucumber Scenarios" data-provider="scenarios" finished-at="2023-08-23T15:11:05 EDT" duration-ms="1148" status="PASS">
          <params>
            <param index="0">
              <value>
                <![CDATA["The user is in Array Practice Page and run invalid code for each examples"]]>
              </value>
            </param>
            <param index="1">
              <value>
                <![CDATA["Optional[To test the Array Page]"]]>
              </value>
            </param>
          </params>
          <reporter-output>
          </reporter-output>
        </test-method> <!-- runScenario -->
        <test-method signature="runScenario(io.cucumber.testng.PickleWrapper,io.cucumber.testng.FeatureWrapper)[pri:0, instance:com.dsalgoproject.testrunner.RunnerFile@192d74fb]" started-at="2023-08-23T15:11:05 EDT" name="runScenario" description="Runs Cucumber Scenarios" data-provider="scenarios" finished-at="2023-08-23T15:11:06 EDT" duration-ms="1104" status="PASS">
          <params>
            <param index="0">
              <value>
                <![CDATA["The user is in Array Practice Page and run invalid code for each examples"]]>
              </value>
            </param>
            <param index="1">
              <value>
                <![CDATA["Optional[To test the Array Page]"]]>
              </value>
            </param>
          </params>
          <reporter-output>
          </reporter-output>
        </test-method> <!-- runScenario -->
        <test-method signature="runScenario(io.cucumber.testng.PickleWrapper,io.cucumber.testng.FeatureWrapper)[pri:0, instance:com.dsalgoproject.testrunner.RunnerFile@192d74fb]" started-at="2023-08-23T15:11:06 EDT" name="runScenario" description="Runs Cucumber Scenarios" data-provider="scenarios" finished-at="2023-08-23T15:11:08 EDT" duration-ms="1020" status="PASS">
          <params>
            <param index="0">
              <value>
                <![CDATA["The user is in Array Practice Page and run invalid code for each examples"]]>
              </value>
            </param>
            <param index="1">
              <value>
                <![CDATA["Optional[To test the Array Page]"]]>
              </value>
            </param>
          </params>
          <reporter-output>
          </reporter-output>
        </test-method> <!-- runScenario -->
        <test-method signature="runScenario(io.cucumber.testng.PickleWrapper,io.cucumber.testng.FeatureWrapper)[pri:0, instance:com.dsalgoproject.testrunner.RunnerFile@192d74fb]" started-at="2023-08-23T15:11:08 EDT" name="runScenario" description="Runs Cucumber Scenarios" data-provider="scenarios" finished-at="2023-08-23T15:11:09 EDT" duration-ms="1549" status="PASS">
          <params>
            <param index="0">
              <value>
                <![CDATA["User navigated to "linked list" page"]]>
              </value>
            </param>
            <param index="1">
              <value>
                <![CDATA["Optional[User navigates to the Linked list page and tests the various options under it]"]]>
              </value>
            </param>
          </params>
          <reporter-output>
          </reporter-output>
        </test-method> <!-- runScenario -->
        <test-method signature="runScenario(io.cucumber.testng.PickleWrapper,io.cucumber.testng.FeatureWrapper)[pri:0, instance:com.dsalgoproject.testrunner.RunnerFile@192d74fb]" started-at="2023-08-23T15:11:09 EDT" name="runScenario" description="Runs Cucumber Scenarios" data-provider="scenarios" finished-at="2023-08-23T15:11:10 EDT" duration-ms="1207" status="PASS">
          <params>
            <param index="0">
              <value>
                <![CDATA["The user is able to navigate to Linked Lists Page and run code in tryEditor page"]]>
              </value>
            </param>
            <param index="1">
              <value>
                <![CDATA["Optional[User navigates to the Linked list page and tests the various options under it]"]]>
              </value>
            </param>
          </params>
          <reporter-output>
          </reporter-output>
        </test-method> <!-- runScenario -->
        <test-method signature="runScenario(io.cucumber.testng.PickleWrapper,io.cucumber.testng.FeatureWrapper)[pri:0, instance:com.dsalgoproject.testrunner.RunnerFile@192d74fb]" started-at="2023-08-23T15:11:10 EDT" name="runScenario" description="Runs Cucumber Scenarios" data-provider="scenarios" finished-at="2023-08-23T15:11:11 EDT" duration-ms="1208" status="PASS">
          <params>
            <param index="0">
              <value>
                <![CDATA["The user is able to navigate to Linked Lists Page and run code in tryEditor page"]]>
              </value>
            </param>
            <param index="1">
              <value>
                <![CDATA["Optional[User navigates to the Linked list page and tests the various options under it]"]]>
              </value>
            </param>
          </params>
          <reporter-output>
          </reporter-output>
        </test-method> <!-- runScenario -->
        <test-method signature="runScenario(io.cucumber.testng.PickleWrapper,io.cucumber.testng.FeatureWrapper)[pri:0, instance:com.dsalgoproject.testrunner.RunnerFile@192d74fb]" started-at="2023-08-23T15:11:11 EDT" name="runScenario" description="Runs Cucumber Scenarios" data-provider="scenarios" finished-at="2023-08-23T15:11:13 EDT" duration-ms="1319" status="PASS">
          <params>
            <param index="0">
              <value>
                <![CDATA["The user is able to navigate to Linked Lists Page and run code in tryEditor page"]]>
              </value>
            </param>
            <param index="1">
              <value>
                <![CDATA["Optional[User navigates to the Linked list page and tests the various options under it]"]]>
              </value>
            </param>
          </params>
          <reporter-output>
          </reporter-output>
        </test-method> <!-- runScenario -->
        <test-method signature="runScenario(io.cucumber.testng.PickleWrapper,io.cucumber.testng.FeatureWrapper)[pri:0, instance:com.dsalgoproject.testrunner.RunnerFile@192d74fb]" started-at="2023-08-23T15:11:13 EDT" name="runScenario" description="Runs Cucumber Scenarios" data-provider="scenarios" finished-at="2023-08-23T15:11:14 EDT" duration-ms="1470" status="PASS">
          <params>
            <param index="0">
              <value>
                <![CDATA["The user is able to navigate to Linked Lists Page and run code in tryEditor page"]]>
              </value>
            </param>
            <param index="1">
              <value>
                <![CDATA["Optional[User navigates to the Linked list page and tests the various options under it]"]]>
              </value>
            </param>
          </params>
          <reporter-output>
          </reporter-output>
        </test-method> <!-- runScenario -->
        <test-method signature="runScenario(io.cucumber.testng.PickleWrapper,io.cucumber.testng.FeatureWrapper)[pri:0, instance:com.dsalgoproject.testrunner.RunnerFile@192d74fb]" started-at="2023-08-23T15:11:14 EDT" name="runScenario" description="Runs Cucumber Scenarios" data-provider="scenarios" finished-at="2023-08-23T15:11:16 EDT" duration-ms="1287" status="PASS">
          <params>
            <param index="0">
              <value>
                <![CDATA["The user is able to navigate to Linked Lists Page and run code in tryEditor page"]]>
              </value>
            </param>
            <param index="1">
              <value>
                <![CDATA["Optional[User navigates to the Linked list page and tests the various options under it]"]]>
              </value>
            </param>
          </params>
          <reporter-output>
          </reporter-output>
        </test-method> <!-- runScenario -->
        <test-method signature="runScenario(io.cucumber.testng.PickleWrapper,io.cucumber.testng.FeatureWrapper)[pri:0, instance:com.dsalgoproject.testrunner.RunnerFile@192d74fb]" started-at="2023-08-23T15:11:16 EDT" name="runScenario" description="Runs Cucumber Scenarios" data-provider="scenarios" finished-at="2023-08-23T15:11:17 EDT" duration-ms="1367" status="PASS">
          <params>
            <param index="0">
              <value>
                <![CDATA["The user is able to navigate to Linked Lists Page and run code in tryEditor page"]]>
              </value>
            </param>
            <param index="1">
              <value>
                <![CDATA["Optional[User navigates to the Linked list page and tests the various options under it]"]]>
              </value>
            </param>
[...]
              </value>
            </param>
          </params>
          <reporter-output>
          </reporter-output>
        </test-method> <!-- runScenario -->
        <test-method signature="runScenario(io.cucumber.testng.PickleWrapper,io.cucumber.testng.FeatureWrapper)[pri:0, instance:com.dsalgoproject.testrunner.RunnerFile@192d74fb]" started-at="2023-08-23T15:11:52 EDT" name="runScenario" description="Runs Cucumber Scenarios" data-provider="scenarios" finished-at="2023-08-23T15:11:53 EDT" duration-ms="1128" status="PASS">
          <params>
            <param index="0">
              <value>
                <![CDATA["The user is  navigating to Tree Page and runs code in tryEditor page"]]>
              </value>
            </param>
            <param index="1">
              <value>
                <![CDATA["Optional[To test Tree Data Structure Page]"]]>
              </value>
            </param>
          </params>
          <reporter-output>
          </reporter-output>
        </test-method> <!-- runScenario -->
        <test-method signature="runScenario(io.cucumber.testng.PickleWrapper,io.cucumber.testng.FeatureWrapper)[pri:0, instance:com.dsalgoproject.testrunner.RunnerFile@192d74fb]" started-at="2023-08-23T15:11:53 EDT" name="runScenario" description="Runs Cucumber Scenarios" data-provider="scenarios" finished-at="2023-08-23T15:11:55 EDT" duration-ms="1297" status="PASS">
          <params>
            <param index="0">
              <value>
                <![CDATA["The user is  navigating to Tree Page and runs code in tryEditor page"]]>
              </value>
            </param>
            <param index="1">
              <value>
                <![CDATA["Optional[To test Tree Data Structure Page]"]]>
              </value>
            </param>
          </params>
          <reporter-output>
          </reporter-output>
        </test-method> <!-- runScenario -->
        <test-method signature="runScenario(io.cucumber.testng.PickleWrapper,io.cucumber.testng.FeatureWrapper)[pri:0, instance:com.dsalgoproject.testrunner.RunnerFile@192d74fb]" started-at="2023-08-23T15:11:55 EDT" name="runScenario" description="Runs Cucumber Scenarios" data-provider="scenarios" finished-at="2023-08-23T15:11:56 EDT" duration-ms="1177" status="PASS">
          <params>
            <param index="0">
              <value>
                <![CDATA["The user is  navigating to Tree Page and runs code in tryEditor page"]]>
              </value>
            </param>
            <param index="1">
              <value>
                <![CDATA["Optional[To test Tree Data Structure Page]"]]>
              </value>
            </param>
          </params>
          <reporter-output>
          </reporter-output>
        </test-method> <!-- runScenario -->
        <test-method signature="runScenario(io.cucumber.testng.PickleWrapper,io.cucumber.testng.FeatureWrapper)[pri:0, instance:com.dsalgoproject.testrunner.RunnerFile@192d74fb]" started-at="2023-08-23T15:11:56 EDT" name="runScenario" description="Runs Cucumber Scenarios" data-provider="scenarios" finished-at="2023-08-23T15:11:57 EDT" duration-ms="949" status="PASS">
          <params>
            <param index="0">
              <value>
                <![CDATA["The user is  navigating to Tree Page and runs invalid code in tryEditor page"]]>
              </value>
            </param>
            <param index="1">
              <value>
                <![CDATA["Optional[To test Tree Data Structure Page]"]]>
              </value>
            </param>
          </params>
          <reporter-output>
          </reporter-output>
        </test-method> <!-- runScenario -->
        <test-method signature="runScenario(io.cucumber.testng.PickleWrapper,io.cucumber.testng.FeatureWrapper)[pri:0, instance:com.dsalgoproject.testrunner.RunnerFile@192d74fb]" started-at="2023-08-23T15:11:57 EDT" name="runScenario" description="Runs Cucumber Scenarios" data-provider="scenarios" finished-at="2023-08-23T15:11:58 EDT" duration-ms="926" status="PASS">
          <params>
            <param index="0">
              <value>
                <![CDATA["The user is  navigating to Tree Page and runs invalid code in tryEditor page"]]>
              </value>
            </param>
            <param index="1">
              <value>
                <![CDATA["Optional[To test Tree Data Structure Page]"]]>
              </value>
            </param>
          </params>
          <reporter-output>
          </reporter-output>
        </test-method> <!-- runScenario -->
        <test-method signature="runScenario(io.cucumber.testng.PickleWrapper,io.cucumber.testng.FeatureWrapper)[pri:0, instance:com.dsalgoproject.testrunner.RunnerFile@192d74fb]" started-at="2023-08-23T15:11:58 EDT" name="runScenario" description="Runs Cucumber Scenarios" data-provider="scenarios" finished-at="2023-08-23T15:11:59 EDT" duration-ms="866" status="PASS">
          <params>
            <param index="0">
              <value>
                <![CDATA["The user is  navigating to Tree Page and runs invalid code in tryEditor page"]]>
              </value>
            </param>
            <param index="1">
              <value>
                <![CDATA["Optional[To test Tree Data Structure Page]"]]>
              </value>
            </param>
          </params>
          <reporter-output>
          </reporter-output>
        </test-method> <!-- runScenario -->
        <test-method signature="runScenario(io.cucumber.testng.PickleWrapper,io.cucumber.testng.FeatureWrapper)[pri:0, instance:com.dsalgoproject.testrunner.RunnerFile@192d74fb]" started-at="2023-08-23T15:11:59 EDT" name="runScenario" description="Runs Cucumber Scenarios" data-provider="scenarios" finished-at="2023-08-23T15:12:00 EDT" duration-ms="1044" status="PASS">
          <params>
            <param index="0">
              <value>
                <![CDATA["The user is  navigating to Tree Page and runs invalid code in tryEditor page"]]>
              </value>
            </param>
            <param index="1">
              <value>
                <![CDATA["Optional[To test Tree Data Structure Page]"]]>
              </value>
            </param>
          </params>
          <reporter-output>
          </reporter-output>
        </test-method> <!-- runScenario -->
        <test-method signature="runScenario(io.cucumber.testng.PickleWrapper,io.cucumber.testng.FeatureWrapper)[pri:0, instance:com.dsalgoproject.testrunner.RunnerFile@192d74fb]" started-at="2023-08-23T15:12:00 EDT" name="runScenario" description="Runs Cucumber Scenarios" data-provider="scenarios" finished-at="2023-08-23T15:12:01 EDT" duration-ms="865" status="PASS">
          <params>
            <param index="0">
              <value>
                <![CDATA["The user is  navigating to Tree Page and runs invalid code in tryEditor page"]]>
              </value>
            </param>
            <param index="1">
              <value>
                <![CDATA["Optional[To test Tree Data Structure Page]"]]>
              </value>
            </param>
          </params>
          <reporter-output>
          </reporter-output>
        </test-method> <!-- runScenario -->
        <test-method signature="runScenario(io.cucumber.testng.PickleWrapper,io.cucumber.testng.FeatureWrapper)[pri:0, instance:com.dsalgoproject.testrunner.RunnerFile@192d74fb]" started-at="2023-08-23T15:12:01 EDT" name="runScenario" description="Runs Cucumber Scenarios" data-provider="scenarios" finished-at="2023-08-23T15:12:02 EDT" duration-ms="1022" status="PASS">
          <params>
            <param index="0">
              <value>
                <![CDATA["The user is  navigating to Tree Page and runs invalid code in tryEditor page"]]>
              </value>
            </param>
            <param index="1">
              <value>
                <![CDATA["Optional[To test Tree Data Structure Page]"]]>
              </value>
            </param>
          </params>
          <reporter-output>
          </reporter-output>
        </test-method> <!-- runScenario -->
        <test-method signature="runScenario(io.cucumber.testng.PickleWrapper,io.cucumber.testng.FeatureWrapper)[pri:0, instance:com.dsalgoproject.testrunner.RunnerFile@192d74fb]" started-at="2023-08-23T15:12:02 EDT" name="runScenario" description="Runs Cucumber Scenarios" data-provider="scenarios" finished-at="2023-08-23T15:12:03 EDT" duration-ms="1054" status="PASS">
          <params>
            <param index="0">
              <value>
                <![CDATA["The user is  navigating to Tree Page and runs invalid code in tryEditor page"]]>
              </value>
            </param>
            <param index="1">
              <value>
                <![CDATA["Optional[To test Tree Data Structure Page]"]]>
              </value>
            </param>
          </params>
          <reporter-output>
          </reporter-output>
        </test-method> <!-- runScenario -->
        <test-method signature="runScenario(io.cucumber.testng.PickleWrapper,io.cucumber.testng.FeatureWrapper)[pri:0, instance:com.dsalgoproject.testrunner.RunnerFile@192d74fb]" started-at="2023-08-23T15:12:03 EDT" name="runScenario" description="Runs Cucumber Scenarios" data-provider="scenarios" finished-at="2023-08-23T15:12:04 EDT" duration-ms="1019" status="PASS">
          <params>
            <param index="0">
              <value>
                <![CDATA["The user is  navigating to Tree Page and runs invalid code in tryEditor page"]]>
              </value>
            </param>
            <param index="1">
              <value>
                <![CDATA["Optional[To test Tree Data Structure Page]"]]>
              </value>
            </param>
          </params>
          <reporter-output>
          </reporter-output>
        </test-method> <!-- runScenario -->
        <test-method signature="runScenario(io.cucumber.testng.PickleWrapper,io.cucumber.testng.FeatureWrapper)[pri:0, instance:com.dsalgoproject.testrunner.RunnerFile@192d74fb]" started-at="2023-08-23T15:12:04 EDT" name="runScenario" description="Runs Cucumber Scenarios" data-provider="scenarios" finished-at="2023-08-23T15:12:05 EDT" duration-ms="1097" status="PASS">
          <params>
            <param index="0">
              <value>
                <![CDATA["The user is  navigating to Tree Page and runs invalid code in tryEditor page"]]>
              </value>
            </param>
            <param index="1">
              <value>
                <![CDATA["Optional[To test Tree Data Structure Page]"]]>
              </value>
            </param>
          </params>
          <reporter-output>
          </reporter-output>
        </test-method> <!-- runScenario -->
        <test-method signature="runScenario(io.cucumber.testng.PickleWrapper,io.cucumber.testng.FeatureWrapper)[pri:0, instance:com.dsalgoproject.testrunner.RunnerFile@192d74fb]" started-at="2023-08-23T15:12:05 EDT" name="runScenario" description="Runs Cucumber Scenarios" data-provider="scenarios" finished-at="2023-08-23T15:12:06 EDT" duration-ms="1137" status="PASS">
          <params>
            <param index="0">
              <value>
                <![CDATA["The user is  navigating to Tree Page and runs invalid code in tryEditor page"]]>
              </value>
            </param>
            <param index="1">
              <value>
                <![CDATA["Optional[To test Tree Data Structure Page]"]]>
              </value>
            </param>
          </params>
          <reporter-output>
          </reporter-output>
        </test-method> <!-- runScenario -->
        <test-method signature="runScenario(io.cucumber.testng.PickleWrapper,io.cucumber.testng.FeatureWrapper)[pri:0, instance:com.dsalgoproject.testrunner.RunnerFile@192d74fb]" started-at="2023-08-23T15:12:06 EDT" name="runScenario" description="Runs Cucumber Scenarios" data-provider="scenarios" finished-at="2023-08-23T15:12:07 EDT" duration-ms="1114" status="PASS">
          <params>
            <param index="0">
              <value>
                <![CDATA["The user is  navigating to Tree Page and runs invalid code in tryEditor page"]]>
              </value>
            </param>
            <param index="1">
              <value>
                <![CDATA["Optional[To test Tree Data Structure Page]"]]>
              </value>
            </param>
          </params>
          <reporter-output>
          </reporter-output>
        </test-method> <!-- runScenario -->
        <test-method signature="runScenario(io.cucumber.testng.PickleWrapper,io.cucumber.testng.FeatureWrapper)[pri:0, instance:com.dsalgoproject.testrunner.RunnerFile@192d74fb]" started-at="2023-08-23T15:12:07 EDT" name="runScenario" description="Runs Cucumber Scenarios" data-provider="scenarios" finished-at="2023-08-23T15:12:08 EDT" duration-ms="1205" status="PASS">
          <params>
            <param index="0">
              <value>
                <![CDATA["The user is  navigating to Tree Page and runs invalid code in tryEditor page"]]>
              </value>
            </param>
            <param index="1">
              <value>
                <![CDATA["Optional[To test Tree Data Structure Page]"]]>
              </value>
            </param>
          </params>
          <reporter-output>
          </reporter-output>
        </test-method> <!-- runScenario -->
        <test-method signature="runScenario(io.cucumber.testng.PickleWrapper,io.cucumber.testng.FeatureWrapper)[pri:0, instance:com.dsalgoproject.testrunner.RunnerFile@192d74fb]" started-at="2023-08-23T15:12:08 EDT" name="runScenario" description="Runs Cucumber Scenarios" data-provider="scenarios" finished-at="2023-08-23T15:12:09 EDT" duration-ms="1163" status="PASS">
          <params>
            <param index="0">
              <value>
                <![CDATA["The user is  navigating to Tree Page and runs invalid code in tryEditor page"]]>
              </value>
            </param>
            <param index="1">
              <value>
                <![CDATA["Optional[To test Tree Data Structure Page]"]]>
              </value>
            </param>
          </params>
          <reporter-output>
          </reporter-output>
        </test-method> <!-- runScenario -->
        <test-method signature="runScenario(io.cucumber.testng.PickleWrapper,io.cucumber.testng.FeatureWrapper)[pri:0, instance:com.dsalgoproject.testrunner.RunnerFile@192d74fb]" started-at="2023-08-23T15:12:09 EDT" name="runScenario" description="Runs Cucumber Scenarios" data-provider="scenarios" finished-at="2023-08-23T15:12:11 EDT" duration-ms="1419" status="PASS">
          <params>
            <param index="0">
              <value>
                <![CDATA["The user navigates to Graph Data structure Page"]]>
              </value>
            </param>
            <param index="1">
              <value>
                <![CDATA["Optional[To test the Graph Page]"]]>
              </value>
            </param>
          </params>
          <reporter-output>
          </reporter-output>
        </test-method> <!-- runScenario -->
        <test-method signature="runScenario(io.cucumber.testng.PickleWrapper,io.cucumber.testng.FeatureWrapper)[pri:0, instance:com.dsalgoproject.testrunner.RunnerFile@192d74fb]" started-at="2023-08-23T15:12:11 EDT" name="runScenario" description="Runs Cucumber Scenarios" data-provider="scenarios" finished-at="2023-08-23T15:12:12 EDT" duration-ms="955" status="PASS">
          <params>
            <param index="0">
              <value>
                <![CDATA["The user is able to navigate to Graph topic page and run code in the tryeditor"]]>
              </value>
            </param>
            <param index="1">
              <value>
                <![CDATA["Optional[To test the Graph Page]"]]>
              </value>
            </param>
          </params>
          <reporter-output>
          </reporter-output>
        </test-method> <!-- runScenario -->
        <test-method signature="runScenario(io.cucumber.testng.PickleWrapper,io.cucumber.testng.FeatureWrapper)[pri:0, instance:com.dsalgoproject.testrunner.RunnerFile@192d74fb]" started-at="2023-08-23T15:12:12 EDT" name="runScenario" description="Runs Cucumber Scenarios" data-provider="scenarios" finished-at="2023-08-23T15:12:13 EDT" duration-ms="1058" status="PASS">
          <params>
            <param index="0">
              <value>
                <![CDATA["The user is able to navigate to Graph topic page and run code in the tryeditor"]]>
              </value>
            </param>
            <param index="1">
              <value>
                <![CDATA["Optional[To test the Graph Page]"]]>
              </value>
            </param>
          </params>
          <reporter-output>
          </reporter-output>
        </test-method> <!-- runScenario -->
        <test-method signature="runScenario(io.cucumber.testng.PickleWrapper,io.cucumber.testng.FeatureWrapper)[pri:0, instance:com.dsalgoproject.testrunner.RunnerFile@192d74fb]" started-at="2023-08-23T15:12:13 EDT" name="runScenario" description="Runs Cucumber Scenarios" data-provider="scenarios" finished-at="2023-08-23T15:12:14 EDT" duration-ms="889" status="PASS">
          <params>
            <param index="0">
              <value>
                <![CDATA["The user is able to navigate to Graph topic page and runs code in the tryeditor page"]]>
              </value>
            </param>
            <param index="1">
              <value>
                <![CDATA["Optional[To test the Graph Page]"]]>
              </value>
            </param>
          </params>
          <reporter-output>
          </reporter-output>
        </test-method> <!-- runScenario -->
        <test-method signature="runScenario(io.cucumber.testng.PickleWrapper,io.cucumber.testng.FeatureWrapper)[pri:0, instance:com.dsalgoproject.testrunner.RunnerFile@192d74fb]" started-at="2023-08-23T15:12:14 EDT" name="runScenario" description="Runs Cucumber Scenarios" data-provider="scenarios" finished-at="2023-08-23T15:12:15 EDT" duration-ms="944" status="PASS">
          <params>
            <param index="0">
              <value>
                <![CDATA["The user is able to navigate to Graph topic page and runs code in the tryeditor page"]]>
              </value>
            </param>
            <param index="1">
              <value>
                <![CDATA["Optional[To test the Graph Page]"]]>
              </value>
            </param>
          </params>
          <reporter-output>
          </reporter-output>
        </test-method> <!-- runScenario -->
        <test-method signature="runScenario(io.cucumber.testng.PickleWrapper,io.cucumber.testng.FeatureWrapper)[pri:0, instance:com.dsalgoproject.testrunner.RunnerFile@192d74fb]" started-at="2023-08-23T15:12:15 EDT" name="runScenario" description="Runs Cucumber Scenarios" data-provider="scenarios" finished-at="2023-08-23T15:12:15 EDT" duration-ms="346" status="PASS">
          <params>
            <param index="0">
              <value>
                <![CDATA["The user logged out successfully from DS-ALGO Home Page"]]>
              </value>
            </param>
            <param index="1">
              <value>
                <![CDATA["Optional[To test the Graph Page]"]]>
              </value>
            </param>
          </params>
          <reporter-output>
          </reporter-output>
        </test-method> <!-- runScenario -->
        <test-method is-config="true" signature="tearDownClass()[pri:0, instance:com.dsalgoproject.testrunner.RunnerFile@192d74fb]" started-at="2023-08-23T15:12:15 EDT" name="tearDownClass" finished-at="2023-08-23T15:12:35 EDT" duration-ms="20517" status="PASS">
          <reporter-output>
          </reporter-output>
        </test-method> <!-- tearDownClass -->
      </class> <!-- com.dsalgoproject.testrunner.RunnerFile -->
    </test> <!-- RunFirst -->
  </suite> <!-- RunFirst -->
</testng-results>
