<?xml version="1.0" encoding="UTF-8"?>
<!-- Generated by org.testng.reporters.JUnitReportReporter -->
<testsuite hostname="VidyuthHP" failures="7" tests="117" name="com.dsalgoproject.testrunner.RunnerFile" time="114.878" errors="4" timestamp="2023-08-23T15:12:36 EDT" skipped="0">
  <testcase classname="com.dsalgoproject.testrunner.RunnerFile" name="runScenario" time="0.849"/>
  <system-out/>
  <testcase classname="com.dsalgoproject.testrunner.RunnerFile" name="runScenario" time="0.926"/>
  <system-out/>
  <testcase classname="com.dsalgoproject.testrunner.RunnerFile" name="runScenario" time="0.892"/>
  <system-out/>
  <testcase classname="com.dsalgoproject.testrunner.RunnerFile" name="runScenario" time="0.254"/>
  <system-out/>
  <testcase classname="com.dsalgoproject.testrunner.RunnerFile" name="runScenario" time="1.241"/>
  <system-out/>
  <testcase classname="com.dsalgoproject.testrunner.RunnerFile" name="runScenario" time="1.470"/>
  <system-out/>
  <testcase classname="com.dsalgoproject.testrunner.RunnerFile" name="runScenario" time="0.521"/>
  <system-out/>
  <testcase classname="com.dsalgoproject.testrunner.RunnerFile" name="runScenario" time="1.014"/>
  <system-out/>
  <testcase classname="com.dsalgoproject.testrunner.RunnerFile" name="runScenario" time="1.418"/>
  <system-out/>
  <testcase classname="com.dsalgoproject.testrunner.RunnerFile" name="runScenario" time="1.114"/>
  <system-out/>
  <testcase classname="com.dsalgoproject.testrunner.RunnerFile" name="runScenario" time="1.311"/>
  <system-out/>
  <testcase classname="com.dsalgoproject.testrunner.RunnerFile" name="runScenario" time="1.144">
    <error message="unexpected alert open: {Alert text : SyntaxError: bad input on line 3}
  (Session info: chrome=116.0.5845.111): SyntaxError: bad input on line 3
Build info: version: &#039;4.10.0&#039;, revision: &#039;c14d967899&#039;
System info: os.name: &#039;Windows 11&#039;, os.arch: &#039;amd64&#039;, os.version: &#039;10.0&#039;, java.version: &#039;20.0.1&#039;
Driver info: org.openqa.selenium.chrome.ChromeDriver
Command: [577061453a1d0c35002a388a965693e0, findElement {using=id, value=output}]
Capabilities {acceptInsecureCerts: false, browserName: chrome, browserVersion: 116.0.5845.111, chrome: {chromedriverVersion: 115.0.5790.170 (cc0d30c2ca5..., userDataDir: C:\Users\ashok\AppData\Loca...}, goog:chromeOptions: {debuggerAddress: localhost:52616}, networkConnectionEnabled: false, pageLoadStrategy: normal, platformName: windows, proxy: Proxy(), se:cdp: ws://localhost:52616/devtoo..., se:cdpVersion: 116.0.5845.111, setWindowRect: true, strictFileInteractability: false, timeouts: {implicit: 0, pageLoad: 300000, script: 30000}, unhandledPromptBehavior: dismiss and notify, webauthn:extension:credBlob: true, webauthn:extension:largeBlob: true, webauthn:extension:minPinLength: true, webauthn:extension:prf: true, webauthn:virtualAuthenticators: true}
Session ID: 577061453a1d0c35002a388a965693e0" type="org.openqa.selenium.UnhandledAlertException">
      <![CDATA[org.openqa.selenium.UnhandledAlertException: unexpected alert open: {Alert text : SyntaxError: bad input on line 3}
  (Session info: chrome=116.0.5845.111): SyntaxError: bad input on line 3
Build info: version: '4.10.0', revision: 'c14d967899'
System info: os.name: 'Windows 11', os.arch: 'amd64', os.version: '10.0', java.version: '20.0.1'
Driver info: org.openqa.selenium.chrome.ChromeDriver
Command: [577061453a1d0c35002a388a965693e0, findElement {using=id, value=output}]
Capabilities {acceptInsecureCerts: false, browserName: chrome, browserVersion: 116.0.5845.111, chrome: {chromedriverVersion: 115.0.5790.170 (cc0d30c2ca5..., userDataDir: C:\Users\ashok\AppData\Loca...}, goog:chromeOptions: {debuggerAddress: localhost:52616}, networkConnectionEnabled: false, pageLoadStrategy: normal, platformName: windows, proxy: Proxy(), se:cdp: ws://localhost:52616/devtoo..., se:cdpVersion: 116.0.5845.111, setWindowRect: true, strictFileInteractability: false, timeouts: {implicit: 0, pageLoad: 300000, script: 30000}, unhandledPromptBehavior: dismiss and notify, webauthn:extension:credBlob: true, webauthn:extension:largeBlob: true, webauthn:extension:minPinLength: true, webauthn:extension:prf: true, webauthn:virtualAuthenticators: true}
Session ID: 577061453a1d0c35002a388a965693e0
at org.openqa.selenium.remote.codec.w3c.W3CHttpResponseCodec.decode(W3CHttpResponseCodec.java:130)
at org.openqa.selenium.remote.codec.w3c.W3CHttpResponseCodec.decode(W3CHttpResponseCodec.java:51)
at org.openqa.selenium.remote.HttpCommandExecutor.execute(HttpCommandExecutor.java:191)
at org.openqa.selenium.remote.service.DriverCommandExecutor.invokeExecute(DriverCommandExecutor.java:196)
at org.openqa.selenium.remote.service.DriverCommandExecutor.execute(DriverCommandExecutor.java:171)
at org.openqa.selenium.remote.RemoteWebDriver.execute(RemoteWebDriver.java:531)
at org.openqa.selenium.remote.ElementLocation$ElementFinder$2.findElement(ElementLocation.java:165)
at org.openqa.selenium.remote.ElementLocation.findElement(ElementLocation.java:59)
at org.openqa.selenium.remote.RemoteWebDriver.findElement(RemoteWebDriver.java:350)
at org.openqa.selenium.remote.RemoteWebDriver.findElement(RemoteWebDriver.java:344)
at org.openqa.selenium.support.pagefactory.DefaultElementLocator.findElement(DefaultElementLocator.java:68)
at org.openqa.selenium.support.pagefactory.internal.LocatingElementHandler.invoke(LocatingElementHandler.java:38)
at jdk.proxy2/jdk.proxy2.$Proxy42.getText(Unknown Source)
at com.dsalgoproject.pageobjects.ArrayPage_PageObject.getMeesageinPractice(ArrayPage_PageObject.java:204)
at com.dsalgoproject.stepdefinitions.ArrayPage_StepDefinitions.the_user_should_be_presented_with_run_result_in_practice_page(ArrayPage_StepDefinitions.java:127)
at ✽.the user should be presented with Run result "hello World" in Practice Page(file:///C:/Users/ashok/git/DS-ALGOPROJECT_MAIN/DS_ALGO_PROJECT/src/test/resources/feature/04_ArrayPageFeature.feature:70)
]]>
    </error>
  </testcase> <!-- runScenario -->
  <system-out/>
  <testcase classname="com.dsalgoproject.testrunner.RunnerFile" name="runScenario" time="0.430"/>
  <system-out/>
  <testcase classname="com.dsalgoproject.testrunner.RunnerFile" name="runScenario" time="0.346"/>
  <system-out/>
  <testcase classname="com.dsalgoproject.testrunner.RunnerFile" name="runScenario" time="0.256"/>
  <system-out/>
  <testcase classname="com.dsalgoproject.testrunner.RunnerFile" name="runScenario" time="0.903"/>
  <system-out/>
  <testcase classname="com.dsalgoproject.testrunner.RunnerFile" name="runScenario" time="1.022"/>
  <system-out/>
  <testcase classname="com.dsalgoproject.testrunner.RunnerFile" name="runScenario" time="0.428"/>
  <system-out/>
  <testcase classname="com.dsalgoproject.testrunner.RunnerFile" name="runScenario" time="0.939">
    <error message="unexpected alert open: {Alert text : SyntaxError: bad input on line 3}
  (Session info: chrome=116.0.5845.111): SyntaxError: bad input on line 3
Build info: version: &#039;4.10.0&#039;, revision: &#039;c14d967899&#039;
System info: os.name: &#039;Windows 11&#039;, os.arch: &#039;amd64&#039;, os.version: &#039;10.0&#039;, java.version: &#039;20.0.1&#039;
Driver info: org.openqa.selenium.chrome.ChromeDriver
Command: [577061453a1d0c35002a388a965693e0, findElement {using=id, value=output}]
Capabilities {acceptInsecureCerts: false, browserName: chrome, browserVersion: 116.0.5845.111, chrome: {chromedriverVersion: 115.0.5790.170 (cc0d30c2ca5..., userDataDir: C:\Users\ashok\AppData\Loca...}, goog:chromeOptions: {debuggerAddress: localhost:52616}, networkConnectionEnabled: false, pageLoadStrategy: normal, platformName: windows, proxy: Proxy(), se:cdp: ws://localhost:52616/devtoo..., se:cdpVersion: 116.0.5845.111, setWindowRect: true, strictFileInteractability: false, timeouts: {implicit: 0, pageLoad: 300000, script: 30000}, unhandledPromptBehavior: dismiss and notify, webauthn:extension:credBlob: true, webauthn:extension:largeBlob: true, webauthn:extension:minPinLength: true, webauthn:extension:prf: true, webauthn:virtualAuthenticators: true}
Session ID: 577061453a1d0c35002a388a965693e0" type="org.openqa.selenium.UnhandledAlertException">
      <![CDATA[org.openqa.selenium.UnhandledAlertException: unexpected alert open: {Alert text : SyntaxError: bad input on line 3}
  (Session info: chrome=116.0.5845.111): SyntaxError: bad input on line 3
Build info: version: '4.10.0', revision: 'c14d967899'
System info: os.name: 'Windows 11', os.arch: 'amd64', os.version: '10.0', java.version: '20.0.1'
Driver info: org.openqa.selenium.chrome.ChromeDriver
Command: [577061453a1d0c35002a388a965693e0, findElement {using=id, value=output}]
Capabilities {acceptInsecureCerts: false, browserName: chrome, browserVersion: 116.0.5845.111, chrome: {chromedriverVersion: 115.0.5790.170 (cc0d30c2ca5..., userDataDir: C:\Users\ashok\AppData\Loca...}, goog:chromeOptions: {debuggerAddress: localhost:52616}, networkConnectionEnabled: false, pageLoadStrategy: normal, platformName: windows, proxy: Proxy(), se:cdp: ws://localhost:52616/devtoo..., se:cdpVersion: 116.0.5845.111, setWindowRect: true, strictFileInteractability: false, timeouts: {implicit: 0, pageLoad: 300000, script: 30000}, unhandledPromptBehavior: dismiss and notify, webauthn:extension:credBlob: true, webauthn:extension:largeBlob: true, webauthn:extension:minPinLength: true, webauthn:extension:prf: true, webauthn:virtualAuthenticators: true}
Session ID: 577061453a1d0c35002a388a965693e0
at org.openqa.selenium.remote.codec.w3c.W3CHttpResponseCodec.decode(W3CHttpResponseCodec.java:130)
at org.openqa.selenium.remote.codec.w3c.W3CHttpResponseCodec.decode(W3CHttpResponseCodec.java:51)
at org.openqa.selenium.remote.HttpCommandExecutor.execute(HttpCommandExecutor.java:191)
at org.openqa.selenium.remote.service.DriverCommandExecutor.invokeExecute(DriverCommandExecutor.java:196)
at org.openqa.selenium.remote.service.DriverCommandExecutor.execute(DriverCommandExecutor.java:171)
at org.openqa.selenium.remote.RemoteWebDriver.execute(RemoteWebDriver.java:531)
at org.openqa.selenium.remote.ElementLocation$ElementFinder$2.findElement(ElementLocation.java:165)
at org.openqa.selenium.remote.ElementLocation.findElement(ElementLocation.java:59)
at org.openqa.selenium.remote.RemoteWebDriver.findElement(RemoteWebDriver.java:350)
at org.openqa.selenium.remote.RemoteWebDriver.findElement(RemoteWebDriver.java:344)
at org.openqa.selenium.support.pagefactory.DefaultElementLocator.findElement(DefaultElementLocator.java:68)
at org.openqa.selenium.support.pagefactory.internal.LocatingElementHandler.invoke(LocatingElementHandler.java:38)
at jdk.proxy2/jdk.proxy2.$Proxy42.getText(Unknown Source)
at com.dsalgoproject.pageobjects.ArrayPage_PageObject.getMeesageinPractice(ArrayPage_PageObject.java:204)
at com.dsalgoproject.stepdefinitions.ArrayPage_StepDefinitions.the_user_should_be_presented_with_run_result_in_practice_page(ArrayPage_StepDefinitions.java:127)
at ✽.the user should be presented with Run result "hello World" in Practice Page(file:///C:/Users/ashok/git/DS-ALGOPROJECT_MAIN/DS_ALGO_PROJECT/src/test/resources/feature/04_ArrayPageFeature.feature:70)
]]>
    </error>
  </testcase> <!-- runScenario -->
  <system-out/>
  <testcase classname="com.dsalgoproject.testrunner.RunnerFile" name="runScenario" time="0.380"/>
  <system-out/>
  <testcase classname="com.dsalgoproject.testrunner.RunnerFile" name="runScenario" time="1.019"/>
  <system-out/>
  <testcase classname="com.dsalgoproject.testrunner.RunnerFile" name="runScenario" time="0.491"/>
  <system-out/>
  <testcase classname="com.dsalgoproject.testrunner.RunnerFile" name="runScenario" time="1.163"/>
  <system-out/>
  <testcase classname="com.dsalgoproject.testrunner.RunnerFile" name="runScenario" time="0.396"/>
  <system-out/>
  <testcase classname="com.dsalgoproject.testrunner.RunnerFile" name="runScenario" time="1.095"/>
  <system-out/>
  <testcase classname="com.dsalgoproject.testrunner.RunnerFile" name="runScenario" time="1.287"/>
  <system-out/>
  <testcase classname="com.dsalgoproject.testrunner.RunnerFile" name="runScenario" time="0.602"/>
  <system-out/>
  <testcase classname="com.dsalgoproject.testrunner.RunnerFile" name="runScenario" time="1.058"/>
  <system-out/>
  <testcase classname="com.dsalgoproject.testrunner.RunnerFile" name="runScenario" time="1.425"/>
  <system-out/>
  <testcase classname="com.dsalgoproject.testrunner.RunnerFile" name="runScenario" time="1.286"/>
  <system-out/>
  <testcase classname="com.dsalgoproject.testrunner.RunnerFile" name="runScenario" time="1.402"/>
  <system-out/>
  <testcase classname="com.dsalgoproject.testrunner.RunnerFile" name="runScenario" time="0.341"/>
  <system-out/>
  <testcase classname="com.dsalgoproject.testrunner.RunnerFile" name="runScenario" time="0.982"/>
  <system-out/>
  <testcase classname="com.dsalgoproject.testrunner.RunnerFile" name="runScenario" time="1.053"/>
  <system-out/>
  <testcase classname="com.dsalgoproject.testrunner.RunnerFile" name="runScenario" time="1.414"/>
  <system-out/>
  <testcase classname="com.dsalgoproject.testrunner.RunnerFile" name="runScenario" time="2.967"/>
  <system-out/>
  <testcase classname="com.dsalgoproject.testrunner.RunnerFile" name="runScenario" time="0.763"/>
  <system-out/>
  <testcase classname="com.dsalgoproject.testrunner.RunnerFile" name="runScenario" time="0.470"/>
  <system-out/>
  <testcase classname="com.dsalgoproject.testrunner.RunnerFile" name="runScenario" time="0.899"/>
  <system-out/>
  <testcase classname="com.dsalgoproject.testrunner.RunnerFile" name="runScenario" time="0.721">
    <failure message="expected [New Account Created. You are logged in as coolcucumberteam] but found [password_mismatch:The two password fields didn’t match.]" type="java.lang.AssertionError">
      <![CDATA[java.lang.AssertionError: expected [New Account Created. You are logged in as coolcucumberteam] but found [password_mismatch:The two password fields didn’t match.]
at org.testng.Assert.fail(Assert.java:110)
at org.testng.Assert.failNotEquals(Assert.java:1577)
at org.testng.Assert.assertEqualsImpl(Assert.java:149)
at org.testng.Assert.assertEquals(Assert.java:131)
at org.testng.Assert.assertEquals(Assert.java:655)
at org.testng.Assert.assertEquals(Assert.java:665)
at com.dsalgoproject.stepdefinitions.RegisterPage_StepDefinitions.it_should_display_the_success_message(RegisterPage_StepDefinitions.java:93)
at ✽.It should display the success message "New Account Created. You are logged in as coolcucumberteam"(file:///C:/Users/ashok/git/DS-ALGOPROJECT_MAIN/DS_ALGO_PROJECT/src/test/resources/feature/01_RegisterPageFeature.feature:58)
]]>
    </failure>
  </testcase> <!-- runScenario -->
  <system-out/>
  <testcase classname="com.dsalgoproject.testrunner.RunnerFile" name="runScenario" time="1.505"/>
  <system-out/>
  <testcase classname="com.dsalgoproject.testrunner.RunnerFile" name="runScenario" time="1.022"/>
  <system-out/>
  <testcase classname="com.dsalgoproject.testrunner.RunnerFile" name="runScenario" time="0.385"/>
  <system-out/>
  <testcase classname="com.dsalgoproject.testrunner.RunnerFile" name="runScenario" time="0.665">
    <failure message="expected [Password cannot be commonly used password] but found [password_mismatch:The two password fields didn’t match.]" type="java.lang.AssertionError">
      <![CDATA[java.lang.AssertionError: expected [Password cannot be commonly used password] but found [password_mismatch:The two password fields didn’t match.]
at org.testng.Assert.fail(Assert.java:110)
at org.testng.Assert.failNotEquals(Assert.java:1577)
at org.testng.Assert.assertEqualsImpl(Assert.java:149)
at org.testng.Assert.assertEquals(Assert.java:131)
at org.testng.Assert.assertEquals(Assert.java:655)
at org.testng.Assert.assertEquals(Assert.java:665)
at com.dsalgoproject.stepdefinitions.RegisterPage_StepDefinitions.the_user_should_see_the_error_message_indicating(RegisterPage_StepDefinitions.java:82)
at ✽.the user should see the error message indicating "Password cannot be commonly used password"(file:///C:/Users/ashok/git/DS-ALGOPROJECT_MAIN/DS_ALGO_PROJECT/src/test/resources/feature/01_RegisterPageFeature.feature:41)
]]>
    </failure>
  </testcase> <!-- runScenario -->
  <system-out/>
  <testcase classname="com.dsalgoproject.testrunner.RunnerFile" name="runScenario" time="1.250"/>
  <system-out/>
  <testcase classname="com.dsalgoproject.testrunner.RunnerFile" name="runScenario" time="0.893">
    <failure message="expected [Please enter valid username] but found [password_mismatch:The two password fields didn’t match.]" type="java.lang.AssertionError">
      <![CDATA[java.lang.AssertionError: expected [Please enter valid username] but found [password_mismatch:The two password fields didn’t match.]
at org.testng.Assert.fail(Assert.java:110)
at org.testng.Assert.failNotEquals(Assert.java:1577)
at org.testng.Assert.assertEqualsImpl(Assert.java:149)
at org.testng.Assert.assertEquals(Assert.java:131)
at org.testng.Assert.assertEquals(Assert.java:655)
at org.testng.Assert.assertEquals(Assert.java:665)
at com.dsalgoproject.stepdefinitions.RegisterPage_StepDefinitions.the_user_should_see_the_error_message_indicating(RegisterPage_StepDefinitions.java:82)
at ✽.the user should see the error message indicating "Please enter valid username"(file:///C:/Users/ashok/git/DS-ALGOPROJECT_MAIN/DS_ALGO_PROJECT/src/test/resources/feature/01_RegisterPageFeature.feature:41)
]]>
    </failure>
  </testcase> <!-- runScenario -->
  <system-out/>
  <testcase classname="com.dsalgoproject.testrunner.RunnerFile" name="runScenario" time="0.949"/>
  <system-out/>
  <testcase classname="com.dsalgoproject.testrunner.RunnerFile" name="runScenario" time="1.012"/>
  <system-out/>
  <testcase classname="com.dsalgoproject.testrunner.RunnerFile" name="runScenario" time="1.093"/>
  <system-out/>
  <testcase classname="com.dsalgoproject.testrunner.RunnerFile" name="runScenario" time="1.054"/>
  <system-out/>
  <testcase classname="com.dsalgoproject.testrunner.RunnerFile" name="runScenario" time="1.479"/>
  <system-out/>
  <testcase classname="com.dsalgoproject.testrunner.RunnerFile" name="runScenario" time="1.275"/>
  <system-out/>
  <testcase classname="com.dsalgoproject.testrunner.RunnerFile" name="runScenario" time="1.097"/>
  <system-out/>
  <testcase classname="com.dsalgoproject.testrunner.RunnerFile" name="runScenario" time="0.889"/>
  <system-out/>
  <testcase classname="com.dsalgoproject.testrunner.RunnerFile" name="runScenario" time="0.317"/>
  <system-out/>
  <testcase classname="com.dsalgoproject.testrunner.RunnerFile" name="runScenario" time="0.985"/>
  <system-out/>
  <testcase classname="com.dsalgoproject.testrunner.RunnerFile" name="runScenario" time="0.745">
    <failure message="expected [Password cannot be entirely numeric] but found [password_mismatch:The two password fields didn’t match.]" type="java.lang.AssertionError">
      <![CDATA[java.lang.AssertionError: expected [Password cannot be entirely numeric] but found [password_mismatch:The two password fields didn’t match.]
at org.testng.Assert.fail(Assert.java:110)
at org.testng.Assert.failNotEquals(Assert.java:1577)
at org.testng.Assert.assertEqualsImpl(Assert.java:149)
at org.testng.Assert.assertEquals(Assert.java:131)
at org.testng.Assert.assertEquals(Assert.java:655)
at org.testng.Assert.assertEquals(Assert.java:665)
at com.dsalgoproject.stepdefinitions.RegisterPage_StepDefinitions.the_user_should_see_the_error_message_indicating(RegisterPage_StepDefinitions.java:82)
at ✽.the user should see the error message indicating "Password cannot be entirely numeric"(file:///C:/Users/ashok/git/DS-ALGOPROJECT_MAIN/DS_ALGO_PROJECT/src/test/resources/feature/01_RegisterPageFeature.feature:41)
]]>
    </failure>
  </testcase> <!-- runScenario -->
  <system-out/>
  <testcase classname="com.dsalgoproject.testrunner.RunnerFile" name="runScenario" time="0.777">
    <failure message="expected [Password should contain at least 8 characters] but found [password_mismatch:The two password fields didn’t match.]" type="java.lang.AssertionError">
      <![CDATA[java.lang.AssertionError: expected [Password should contain at least 8 characters] but found [password_mismatch:The two password fields didn’t match.]
at org.testng.Assert.fail(Assert.java:110)
at org.testng.Assert.failNotEquals(Assert.java:1577)
at org.testng.Assert.assertEqualsImpl(Assert.java:149)
at org.testng.Assert.assertEquals(Assert.java:131)
at org.testng.Assert.assertEquals(Assert.java:655)
at org.testng.Assert.assertEquals(Assert.java:665)
at com.dsalgoproject.stepdefinitions.RegisterPage_StepDefinitions.the_user_should_see_the_error_message_indicating(RegisterPage_StepDefinitions.java:82)
at ✽.the user should see the error message indicating "Password should contain at least 8 characters"(file:///C:/Users/ashok/git/DS-ALGOPROJECT_MAIN/DS_ALGO_PROJECT/src/test/resources/feature/01_RegisterPageFeature.feature:41)
]]>
    </failure>
  </testcase> <!-- runScenario -->
  <system-out/>
  <testcase classname="com.dsalgoproject.testrunner.RunnerFile" name="runScenario" time="1.324"/>
  <system-out/>
  <testcase classname="com.dsalgoproject.testrunner.RunnerFile" name="runScenario" time="1.091">
    <error message="unexpected alert open: {Alert text : SyntaxError: bad input on line 3}
  (Session info: chrome=116.0.5845.111): SyntaxError: bad input on line 3
Build info: version: &#039;4.10.0&#039;, revision: &#039;c14d967899&#039;
System info: os.name: &#039;Windows 11&#039;, os.arch: &#039;amd64&#039;, os.version: &#039;10.0&#039;, java.version: &#039;20.0.1&#039;
Driver info: org.openqa.selenium.chrome.ChromeDriver
Command: [577061453a1d0c35002a388a965693e0, findElement {using=id, value=output}]
Capabilities {acceptInsecureCerts: false, browserName: chrome, browserVersion: 116.0.5845.111, chrome: {chromedriverVersion: 115.0.5790.170 (cc0d30c2ca5..., userDataDir: C:\Users\ashok\AppData\Loca...}, goog:chromeOptions: {debuggerAddress: localhost:52616}, networkConnectionEnabled: false, pageLoadStrategy: normal, platformName: windows, proxy: Proxy(), se:cdp: ws://localhost:52616/devtoo..., se:cdpVersion: 116.0.5845.111, setWindowRect: true, strictFileInteractability: false, timeouts: {implicit: 0, pageLoad: 300000, script: 30000}, unhandledPromptBehavior: dismiss and notify, webauthn:extension:credBlob: true, webauthn:extension:largeBlob: true, webauthn:extension:minPinLength: true, webauthn:extension:prf: true, webauthn:virtualAuthenticators: true}
Session ID: 577061453a1d0c35002a388a965693e0" type="org.openqa.selenium.UnhandledAlertException">
      <![CDATA[org.openqa.selenium.UnhandledAlertException: unexpected alert open: {Alert text : SyntaxError: bad input on line 3}
  (Session info: chrome=116.0.5845.111): SyntaxError: bad input on line 3
Build info: version: '4.10.0', revision: 'c14d967899'
System info: os.name: 'Windows 11', os.arch: 'amd64', os.version: '10.0', java.version: '20.0.1'
Driver info: org.openqa.selenium.chrome.ChromeDriver
Command: [577061453a1d0c35002a388a965693e0, findElement {using=id, value=output}]
Capabilities {acceptInsecureCerts: false, browserName: chrome, browserVersion: 116.0.5845.111, chrome: {chromedriverVersion: 115.0.5790.170 (cc0d30c2ca5..., userDataDir: C:\Users\ashok\AppData\Loca...}, goog:chromeOptions: {debuggerAddress: localhost:52616}, networkConnectionEnabled: false, pageLoadStrategy: normal, platformName: windows, proxy: Proxy(), se:cdp: ws://localhost:52616/devtoo..., se:cdpVersion: 116.0.5845.111, setWindowRect: true, strictFileInteractability: false, timeouts: {implicit: 0, pageLoad: 300000, script: 30000}, unhandledPromptBehavior: dismiss and notify, webauthn:extension:credBlob: true, webauthn:extension:largeBlob: true, webauthn:extension:minPinLength: true, webauthn:extension:prf: true, webauthn:virtualAuthenticators: true}
Session ID: 577061453a1d0c35002a388a965693e0
at org.openqa.selenium.remote.codec.w3c.W3CHttpResponseCodec.decode(W3CHttpResponseCodec.java:130)
at org.openqa.selenium.remote.codec.w3c.W3CHttpResponseCodec.decode(W3CHttpResponseCodec.java:51)
at org.openqa.selenium.remote.HttpCommandExecutor.execute(HttpCommandExecutor.java:191)
at org.openqa.selenium.remote.service.DriverCommandExecutor.invokeExecute(DriverCommandExecutor.java:196)
at org.openqa.selenium.remote.service.DriverCommandExecutor.execute(DriverCommandExecutor.java:171)
at org.openqa.selenium.remote.RemoteWebDriver.execute(RemoteWebDriver.java:531)
at org.openqa.selenium.remote.ElementLocation$ElementFinder$2.findElement(ElementLocation.java:165)
at org.openqa.selenium.remote.ElementLocation.findElement(ElementLocation.java:59)
at org.openqa.selenium.remote.RemoteWebDriver.findElement(RemoteWebDriver.java:350)
at org.openqa.selenium.remote.RemoteWebDriver.findElement(RemoteWebDriver.java:344)
at org.openqa.selenium.support.pagefactory.DefaultElementLocator.findElement(DefaultElementLocator.java:68)
at org.openqa.selenium.support.pagefactory.internal.LocatingElementHandler.invoke(LocatingElementHandler.java:38)
at jdk.proxy2/jdk.proxy2.$Proxy42.getText(Unknown Source)
at com.dsalgoproject.pageobjects.ArrayPage_PageObject.getMeesageinPractice(ArrayPage_PageObject.java:204)
at com.dsalgoproject.stepdefinitions.ArrayPage_StepDefinitions.the_user_should_be_presented_with_run_result_in_practice_page(ArrayPage_StepDefinitions.java:127)
at ✽.the user should be presented with Run result "hello World" in Practice Page(file:///C:/Users/ashok/git/DS-ALGOPROJECT_MAIN/DS_ALGO_PROJECT/src/test/resources/feature/04_ArrayPageFeature.feature:70)
]]>
    </error>
  </testcase> <!-- runScenario -->
  <system-out/>
  <testcase classname="com.dsalgoproject.testrunner.RunnerFile" name="runScenario" time="0.990"/>
  <system-out/>
  <testcase classname="com.dsalgoproject.testrunner.RunnerFile" name="runScenario" time="1.128"/>
  <system-out/>
  <testcase classname="com.dsalgoproject.testrunner.RunnerFile" name="runScenario" time="2.622"/>
  <system-out/>
  <testcase classname="com.dsalgoproject.testrunner.RunnerFile" name="runScenario" time="1.549"/>
  <system-out/>
  <testcase classname="com.dsalgoproject.testrunner.RunnerFile" name="runScenario" time="1.177"/>
  <system-out/>
  <testcase classname="com.dsalgoproject.testrunner.RunnerFile" name="runScenario" time="0.955"/>
  <system-out/>
  <testcase classname="com.dsalgoproject.testrunner.RunnerFile" name="runScenario" time="1.207"/>
  <system-out/>
  <testcase classname="com.dsalgoproject.testrunner.RunnerFile" name="runScenario" time="1.208"/>
  <system-out/>
  <testcase classname="com.dsalgoproject.testrunner.RunnerFile" name="runScenario" time="0.659">
    <failure message="expected [Password cannot be too similar to your other personal information] but found [password_mismatch:The two password fields didn’t match.]" type="java.lang.AssertionError">
      <![CDATA[java.lang.AssertionError: expected [Password cannot be too similar to your other personal information] but found [password_mismatch:The two password fields didn’t match.]
at org.testng.Assert.fail(Assert.java:110)
at org.testng.Assert.failNotEquals(Assert.java:1577)
at org.testng.Assert.assertEqualsImpl(Assert.java:149)
at org.testng.Assert.assertEquals(Assert.java:131)
at org.testng.Assert.assertEquals(Assert.java:655)
at org.testng.Assert.assertEquals(Assert.java:665)
at com.dsalgoproject.stepdefinitions.RegisterPage_StepDefinitions.the_user_should_see_the_error_message_indicating(RegisterPage_StepDefinitions.java:82)
at ✽.the user should see the error message indicating "Password cannot be too similar to your other personal information"(file:///C:/Users/ashok/git/DS-ALGOPROJECT_MAIN/DS_ALGO_PROJECT/src/test/resources/feature/01_RegisterPageFeature.feature:41)
]]>
    </failure>
  </testcase> <!-- runScenario -->
  <system-out/>
  <testcase classname="com.dsalgoproject.testrunner.RunnerFile" name="runScenario" time="1.027"/>
  <system-out/>
  <testcase classname="com.dsalgoproject.testrunner.RunnerFile" name="runScenario" time="0.902"/>
  <system-out/>
  <testcase classname="com.dsalgoproject.testrunner.RunnerFile" name="runScenario" time="1.216"/>
  <system-out/>
  <testcase classname="com.dsalgoproject.testrunner.RunnerFile" name="runScenario" time="0.728"/>
  <system-out/>
  <testcase classname="com.dsalgoproject.testrunner.RunnerFile" name="runScenario" time="0.789"/>
  <system-out/>
  <testcase classname="com.dsalgoproject.testrunner.RunnerFile" name="runScenario" time="1.148"/>
  <system-out/>
  <testcase classname="com.dsalgoproject.testrunner.RunnerFile" name="runScenario" time="1.277">
    <error message="unexpected alert open: {Alert text : SyntaxError: bad input on line 3}
  (Session info: chrome=116.0.5845.111): SyntaxError: bad input on line 3
Build info: version: &#039;4.10.0&#039;, revision: &#039;c14d967899&#039;
System info: os.name: &#039;Windows 11&#039;, os.arch: &#039;amd64&#039;, os.version: &#039;10.0&#039;, java.version: &#039;20.0.1&#039;
Driver info: org.openqa.selenium.chrome.ChromeDriver
Command: [577061453a1d0c35002a388a965693e0, findElement {using=id, value=output}]
Capabilities {acceptInsecureCerts: false, browserName: chrome, browserVersion: 116.0.5845.111, chrome: {chromedriverVersion: 115.0.5790.170 (cc0d30c2ca5..., userDataDir: C:\Users\ashok\AppData\Loca...}, goog:chromeOptions: {debuggerAddress: localhost:52616}, networkConnectionEnabled: false, pageLoadStrategy: normal, platformName: windows, proxy: Proxy(), se:cdp: ws://localhost:52616/devtoo..., se:cdpVersion: 116.0.5845.111, setWindowRect: true, strictFileInteractability: false, timeouts: {implicit: 0, pageLoad: 300000, script: 30000}, unhandledPromptBehavior: dismiss and notify, webauthn:extension:credBlob: true, webauthn:extension:largeBlob: true, webauthn:extension:minPinLength: true, webauthn:extension:prf: true, webauthn:virtualAuthenticators: true}
Session ID: 577061453a1d0c35002a388a965693e0" type="org.openqa.selenium.UnhandledAlertException">
      <![CDATA[org.openqa.selenium.UnhandledAlertException: unexpected alert open: {Alert text : SyntaxError: bad input on line 3}
  (Session info: chrome=116.0.5845.111): SyntaxError: bad input on line 3
Build info: version: '4.10.0', revision: 'c14d967899'
System info: os.name: 'Windows 11', os.arch: 'amd64', os.version: '10.0', java.version: '20.0.1'
Driver info: org.openqa.selenium.chrome.ChromeDriver
Command: [577061453a1d0c35002a388a965693e0, findElement {using=id, value=output}]
Capabilities {acceptInsecureCerts: false, browserName: chrome, browserVersion: 116.0.5845.111, chrome: {chromedriverVersion: 115.0.5790.170 (cc0d30c2ca5..., userDataDir: C:\Users\ashok\AppData\Loca...}, goog:chromeOptions: {debuggerAddress: localhost:52616}, networkConnectionEnabled: false, pageLoadStrategy: normal, platformName: windows, proxy: Proxy(), se:cdp: ws://localhost:52616/devtoo..., se:cdpVersion: 116.0.5845.111, setWindowRect: true, strictFileInteractability: false, timeouts: {implicit: 0, pageLoad: 300000, script: 30000}, unhandledPromptBehavior: dismiss and notify, webauthn:extension:credBlob: true, webauthn:extension:largeBlob: true, webauthn:extension:minPinLength: true, webauthn:extension:prf: true, webauthn:virtualAuthenticators: true}
Session ID: 577061453a1d0c35002a388a965693e0
at org.openqa.selenium.remote.codec.w3c.W3CHttpResponseCodec.decode(W3CHttpResponseCodec.java:130)
at org.openqa.selenium.remote.codec.w3c.W3CHttpResponseCodec.decode(W3CHttpResponseCodec.java:51)
at org.openqa.selenium.remote.HttpCommandExecutor.execute(HttpCommandExecutor.java:191)
at org.openqa.selenium.remote.service.DriverCommandExecutor.invokeExecute(DriverCommandExecutor.java:196)
at org.openqa.selenium.remote.service.DriverCommandExecutor.execute(DriverCommandExecutor.java:171)
at org.openqa.selenium.remote.RemoteWebDriver.execute(RemoteWebDriver.java:531)
at org.openqa.selenium.remote.ElementLocation$ElementFinder$2.findElement(ElementLocation.java:165)
at org.openqa.selenium.remote.ElementLocation.findElement(ElementLocation.java:59)
at org.openqa.selenium.remote.RemoteWebDriver.findElement(RemoteWebDriver.java:350)
at org.openqa.selenium.remote.RemoteWebDriver.findElement(RemoteWebDriver.java:344)
at org.openqa.selenium.support.pagefactory.DefaultElementLocator.findElement(DefaultElementLocator.java:68)
at org.openqa.selenium.support.pagefactory.internal.LocatingElementHandler.invoke(LocatingElementHandler.java:38)
at jdk.proxy2/jdk.proxy2.$Proxy42.getText(Unknown Source)
at com.dsalgoproject.pageobjects.ArrayPage_PageObject.getMeesageinPractice(ArrayPage_PageObject.java:204)
at com.dsalgoproject.stepdefinitions.ArrayPage_StepDefinitions.the_user_should_be_presented_with_run_result_in_practice_page(ArrayPage_StepDefinitions.java:127)
at ✽.the user should be presented with Run result "hello World" in Practice Page(file:///C:/Users/ashok/git/DS-ALGOPROJECT_MAIN/DS_ALGO_PROJECT/src/test/resources/feature/04_ArrayPageFeature.feature:70)
]]>
    </error>
  </testcase> <!-- runScenario -->
  <system-out/>
  <testcase classname="com.dsalgoproject.testrunner.RunnerFile" name="runScenario" time="0.369"/>
  <system-out/>
  <testcase classname="com.dsalgoproject.testrunner.RunnerFile" name="runScenario" time="1.137"/>
  <system-out/>
  <testcase classname="com.dsalgoproject.testrunner.RunnerFile" name="runScenario" time="0.969"/>
  <system-out/>
  <testcase classname="com.dsalgoproject.testrunner.RunnerFile" name="runScenario" time="0.413"/>
  <system-out/>
  <testcase classname="com.dsalgoproject.testrunner.RunnerFile" name="runScenario" time="1.104"/>
  <system-out/>
  <testcase classname="com.dsalgoproject.testrunner.RunnerFile" name="runScenario" time="0.827"/>
  <system-out/>
  <testcase classname="com.dsalgoproject.testrunner.RunnerFile" name="runScenario" time="1.008"/>
  <system-out/>
  <testcase classname="com.dsalgoproject.testrunner.RunnerFile" name="runScenario" time="1.419"/>
  <system-out/>
  <testcase classname="com.dsalgoproject.testrunner.RunnerFile" name="runScenario" time="1.297"/>
  <system-out/>
  <testcase classname="com.dsalgoproject.testrunner.RunnerFile" name="runScenario" time="1.067"/>
  <system-out/>
  <testcase classname="com.dsalgoproject.testrunner.RunnerFile" name="runScenario" time="0.991"/>
  <system-out/>
  <testcase classname="com.dsalgoproject.testrunner.RunnerFile" name="runScenario" time="0.949"/>
  <system-out/>
  <testcase classname="com.dsalgoproject.testrunner.RunnerFile" name="runScenario" time="0.865"/>
  <system-out/>
  <testcase classname="com.dsalgoproject.testrunner.RunnerFile" name="runScenario" time="1.367"/>
  <system-out/>
  <testcase classname="com.dsalgoproject.testrunner.RunnerFile" name="runScenario" time="0.944"/>
  <system-out/>
  <testcase classname="com.dsalgoproject.testrunner.RunnerFile" name="runScenario" time="0.682"/>
  <system-out/>
  <testcase classname="com.dsalgoproject.testrunner.RunnerFile" name="runScenario" time="1.036"/>
  <system-out/>
  <testcase classname="com.dsalgoproject.testrunner.RunnerFile" name="runScenario" time="0.439"/>
  <system-out/>
  <testcase classname="com.dsalgoproject.testrunner.RunnerFile" name="runScenario" time="0.414"/>
  <system-out/>
  <testcase classname="com.dsalgoproject.testrunner.RunnerFile" name="runScenario" time="0.670"/>
  <system-out/>
  <testcase classname="com.dsalgoproject.testrunner.RunnerFile" name="runScenario" time="0.712"/>
  <system-out/>
  <testcase classname="com.dsalgoproject.testrunner.RunnerFile" name="runScenario" time="0.585"/>
  <system-out/>
  <testcase classname="com.dsalgoproject.testrunner.RunnerFile" name="runScenario" time="1.518"/>
  <system-out/>
  <testcase classname="com.dsalgoproject.testrunner.RunnerFile" name="runScenario" time="1.299"/>
  <system-out/>
  <testcase classname="com.dsalgoproject.testrunner.RunnerFile" name="runScenario" time="1.044"/>
  <system-out/>
  <testcase classname="com.dsalgoproject.testrunner.RunnerFile" name="runScenario" time="0.942"/>
  <system-out/>
  <testcase classname="com.dsalgoproject.testrunner.RunnerFile" name="runScenario" time="0.876"/>
  <system-out/>
  <testcase classname="com.dsalgoproject.testrunner.RunnerFile" name="runScenario" time="0.927">
    <failure message="expected [Username already exists] but found [password_mismatch:The two password fields didn’t match.]" type="java.lang.AssertionError">
      <![CDATA[java.lang.AssertionError: expected [Username already exists] but found [password_mismatch:The two password fields didn’t match.]
at org.testng.Assert.fail(Assert.java:110)
at org.testng.Assert.failNotEquals(Assert.java:1577)
at org.testng.Assert.assertEqualsImpl(Assert.java:149)
at org.testng.Assert.assertEquals(Assert.java:131)
at org.testng.Assert.assertEquals(Assert.java:655)
at org.testng.Assert.assertEquals(Assert.java:665)
at com.dsalgoproject.stepdefinitions.RegisterPage_StepDefinitions.the_user_should_see_the_error_message_indicating(RegisterPage_StepDefinitions.java:82)
at ✽.the user should see the error message indicating "Username already exists"(file:///C:/Users/ashok/git/DS-ALGOPROJECT_MAIN/DS_ALGO_PROJECT/src/test/resources/feature/01_RegisterPageFeature.feature:41)
]]>
    </failure>
  </testcase> <!-- runScenario -->
  <system-out/>
  <testcase classname="com.dsalgoproject.testrunner.RunnerFile" name="runScenario" time="0.866"/>
  <system-out/>
  <testcase classname="com.dsalgoproject.testrunner.RunnerFile" name="runScenario" time="1.487"/>
  <system-out/>
  <testcase classname="com.dsalgoproject.testrunner.RunnerFile" name="runScenario" time="0.956"/>
  <system-out/>
  <testcase classname="com.dsalgoproject.testrunner.RunnerFile" name="runScenario" time="0.735"/>
  <system-out/>
  <testcase classname="com.dsalgoproject.testrunner.RunnerFile" name="runScenario" time="0.330"/>
  <system-out/>
  <testcase classname="com.dsalgoproject.testrunner.RunnerFile" name="runScenario" time="1.096"/>
  <system-out/>
  <testcase classname="com.dsalgoproject.testrunner.RunnerFile" name="runScenario" time="1.187"/>
  <system-out/>
  <testcase classname="com.dsalgoproject.testrunner.RunnerFile" name="runScenario" time="1.319"/>
  <system-out/>
  <testcase classname="com.dsalgoproject.testrunner.RunnerFile" name="runScenario" time="1.205"/>
  <system-out/>
  <testcase classname="com.dsalgoproject.testrunner.RunnerFile" name="runScenario" time="1.449"/>
  <system-out/>
  <testcase classname="com.dsalgoproject.testrunner.RunnerFile" name="runScenario" time="0.431"/>
  <system-out/>
  <testcase classname="com.dsalgoproject.testrunner.RunnerFile" name="runScenario" time="0.846"/>
  <system-out/>
  <testcase classname="com.dsalgoproject.testrunner.RunnerFile" name="runScenario" time="1.020"/>
  <system-out/>
</testsuite> <!-- com.dsalgoproject.testrunner.RunnerFile -->
